{"C:\\dockerCesizen\\api\\server.js": {"path":"C:\\dockerCesizen\\api\\server.js","all":true,"statementMap":{"0":{"start":{"line":1,"column":0},"end":{"line":1,"column":29}},"1":{"start":{"line":2,"column":0},"end":{"line":2,"column":23}},"2":{"start":{"line":3,"column":0},"end":{"line":3,"column":27}},"3":{"start":{"line":4,"column":0},"end":{"line":4,"column":37}},"5":{"start":{"line":6,"column":0},"end":{"line":6,"column":33}},"6":{"start":{"line":7,"column":0},"end":{"line":7,"column":47}},"7":{"start":{"line":8,"column":0},"end":{"line":8,"column":47}},"8":{"start":{"line":9,"column":0},"end":{"line":9,"column":53}},"9":{"start":{"line":10,"column":0},"end":{"line":10,"column":49}},"10":{"start":{"line":11,"column":0},"end":{"line":11,"column":47}},"11":{"start":{"line":12,"column":0},"end":{"line":12,"column":47}},"13":{"start":{"line":14,"column":0},"end":{"line":14,"column":21}},"15":{"start":{"line":16,"column":0},"end":{"line":16,"column":26}},"16":{"start":{"line":17,"column":0},"end":{"line":17,"column":15}},"17":{"start":{"line":18,"column":0},"end":{"line":18,"column":23}},"19":{"start":{"line":20,"column":0},"end":{"line":20,"column":31}},"20":{"start":{"line":21,"column":0},"end":{"line":21,"column":28}},"21":{"start":{"line":22,"column":0},"end":{"line":22,"column":14}},"22":{"start":{"line":23,"column":0},"end":{"line":23,"column":47}},"23":{"start":{"line":24,"column":0},"end":{"line":24,"column":25}},"24":{"start":{"line":25,"column":0},"end":{"line":25,"column":20}},"25":{"start":{"line":26,"column":0},"end":{"line":26,"column":6}},"26":{"start":{"line":27,"column":0},"end":{"line":27,"column":2}},"28":{"start":{"line":29,"column":0},"end":{"line":29,"column":16}},"29":{"start":{"line":30,"column":0},"end":{"line":30,"column":32}},"30":{"start":{"line":31,"column":0},"end":{"line":31,"column":33}},"31":{"start":{"line":32,"column":0},"end":{"line":32,"column":39}},"32":{"start":{"line":33,"column":0},"end":{"line":33,"column":36}},"33":{"start":{"line":34,"column":0},"end":{"line":34,"column":33}},"34":{"start":{"line":35,"column":0},"end":{"line":35,"column":33}},"37":{"start":{"line":38,"column":0},"end":{"line":38,"column":40}},"38":{"start":{"line":39,"column":0},"end":{"line":39,"column":37}},"40":{"start":{"line":41,"column":0},"end":{"line":41,"column":33}},"41":{"start":{"line":42,"column":0},"end":{"line":42,"column":9}},"42":{"start":{"line":43,"column":0},"end":{"line":43,"column":49}},"43":{"start":{"line":44,"column":0},"end":{"line":44,"column":62}},"45":{"start":{"line":46,"column":0},"end":{"line":46,"column":32}},"46":{"start":{"line":47,"column":0},"end":{"line":47,"column":77}},"47":{"start":{"line":48,"column":0},"end":{"line":48,"column":10}},"48":{"start":{"line":49,"column":0},"end":{"line":49,"column":19}},"49":{"start":{"line":50,"column":0},"end":{"line":50,"column":70}},"50":{"start":{"line":51,"column":0},"end":{"line":51,"column":23}},"51":{"start":{"line":52,"column":0},"end":{"line":52,"column":5}},"52":{"start":{"line":53,"column":0},"end":{"line":53,"column":1}},"54":{"start":{"line":55,"column":0},"end":{"line":55,"column":13}}},"s":{"0":0,"1":0,"2":0,"3":0,"5":0,"6":0,"7":0,"8":0,"9":0,"10":0,"11":0,"13":0,"15":0,"16":0,"17":0,"19":0,"20":0,"21":0,"22":0,"23":0,"24":0,"25":0,"26":0,"28":0,"29":0,"30":0,"31":0,"32":0,"33":0,"34":0,"37":0,"38":0,"40":0,"41":0,"42":0,"43":0,"45":0,"46":0,"47":0,"48":0,"49":0,"50":0,"51":0,"52":0,"54":0},"branchMap":{"0":{"type":"branch","line":1,"loc":{"start":{"line":1,"column":0},"end":{"line":55,"column":-770}},"locations":[{"start":{"line":1,"column":0},"end":{"line":55,"column":-770}}]}},"b":{"0":[0]},"fnMap":{"0":{"name":"(empty-report)","decl":{"start":{"line":1,"column":0},"end":{"line":55,"column":-770}},"loc":{"start":{"line":1,"column":0},"end":{"line":55,"column":-770}},"line":1}},"f":{"0":0}}
,"C:\\dockerCesizen\\api\\vitest.config.js": {"path":"C:\\dockerCesizen\\api\\vitest.config.js","all":true,"statementMap":{"0":{"start":{"line":1,"column":0},"end":{"line":1,"column":44}},"2":{"start":{"line":3,"column":0},"end":{"line":3,"column":29}},"3":{"start":{"line":4,"column":0},"end":{"line":4,"column":11}},"4":{"start":{"line":5,"column":0},"end":{"line":5,"column":28}},"5":{"start":{"line":6,"column":0},"end":{"line":6,"column":22}},"6":{"start":{"line":7,"column":0},"end":{"line":7,"column":14}},"7":{"start":{"line":8,"column":0},"end":{"line":8,"column":29}},"8":{"start":{"line":9,"column":0},"end":{"line":9,"column":26}},"9":{"start":{"line":10,"column":0},"end":{"line":10,"column":10}},"10":{"start":{"line":11,"column":0},"end":{"line":11,"column":52}},"11":{"start":{"line":12,"column":0},"end":{"line":12,"column":52}},"12":{"start":{"line":13,"column":0},"end":{"line":13,"column":58}},"13":{"start":{"line":14,"column":0},"end":{"line":14,"column":56}},"14":{"start":{"line":15,"column":0},"end":{"line":15,"column":22}},"15":{"start":{"line":16,"column":0},"end":{"line":16,"column":22}},"16":{"start":{"line":17,"column":0},"end":{"line":17,"column":20}},"17":{"start":{"line":18,"column":0},"end":{"line":18,"column":54}},"18":{"start":{"line":19,"column":0},"end":{"line":19,"column":13}},"19":{"start":{"line":20,"column":0},"end":{"line":20,"column":10}},"20":{"start":{"line":21,"column":0},"end":{"line":21,"column":49}},"21":{"start":{"line":22,"column":0},"end":{"line":22,"column":19}},"22":{"start":{"line":23,"column":0},"end":{"line":23,"column":27}},"23":{"start":{"line":24,"column":0},"end":{"line":24,"column":47}},"24":{"start":{"line":25,"column":0},"end":{"line":25,"column":22}},"25":{"start":{"line":26,"column":0},"end":{"line":26,"column":32}},"26":{"start":{"line":27,"column":0},"end":{"line":27,"column":25}},"27":{"start":{"line":28,"column":0},"end":{"line":28,"column":28}},"28":{"start":{"line":29,"column":0},"end":{"line":29,"column":30}},"29":{"start":{"line":30,"column":0},"end":{"line":30,"column":13}},"30":{"start":{"line":31,"column":0},"end":{"line":31,"column":9}},"31":{"start":{"line":32,"column":0},"end":{"line":32,"column":5}},"32":{"start":{"line":33,"column":0},"end":{"line":33,"column":2}}},"s":{"0":0,"2":0,"3":0,"4":0,"5":0,"6":0,"7":0,"8":0,"9":0,"10":0,"11":0,"12":0,"13":0,"14":0,"15":0,"16":0,"17":0,"18":0,"19":0,"20":0,"21":0,"22":0,"23":0,"24":0,"25":0,"26":0,"27":0,"28":0,"29":0,"30":0,"31":0,"32":0},"branchMap":{"0":{"type":"branch","line":1,"loc":{"start":{"line":1,"column":912},"end":{"line":33,"column":2}},"locations":[{"start":{"line":1,"column":912},"end":{"line":33,"column":2}}]}},"b":{"0":[0]},"fnMap":{"0":{"name":"(empty-report)","decl":{"start":{"line":1,"column":912},"end":{"line":33,"column":2}},"loc":{"start":{"line":1,"column":912},"end":{"line":33,"column":2}},"line":1}},"f":{"0":0}}
,"C:\\dockerCesizen\\api\\controllers\\authController.js": {"path":"C:\\dockerCesizen\\api\\controllers\\authController.js","all":false,"statementMap":{"0":{"start":{"line":1,"column":0},"end":{"line":1,"column":29}},"1":{"start":{"line":2,"column":0},"end":{"line":2,"column":66}},"2":{"start":{"line":3,"column":0},"end":{"line":3,"column":60}},"3":{"start":{"line":4,"column":0},"end":{"line":4,"column":35}},"5":{"start":{"line":6,"column":0},"end":{"line":6,"column":25}},"6":{"start":{"line":7,"column":0},"end":{"line":7,"column":45}},"7":{"start":{"line":8,"column":0},"end":{"line":8,"column":9}},"8":{"start":{"line":9,"column":0},"end":{"line":9,"column":71}},"10":{"start":{"line":11,"column":0},"end":{"line":11,"column":40}},"11":{"start":{"line":12,"column":0},"end":{"line":12,"column":61}},"12":{"start":{"line":13,"column":0},"end":{"line":13,"column":41}},"13":{"start":{"line":14,"column":0},"end":{"line":14,"column":91}},"14":{"start":{"line":15,"column":0},"end":{"line":15,"column":14}},"15":{"start":{"line":16,"column":0},"end":{"line":16,"column":9}},"17":{"start":{"line":18,"column":0},"end":{"line":18,"column":70}},"18":{"start":{"line":19,"column":0},"end":{"line":19,"column":62}},"20":{"start":{"line":21,"column":0},"end":{"line":21,"column":48}},"21":{"start":{"line":22,"column":0},"end":{"line":22,"column":50}},"22":{"start":{"line":23,"column":0},"end":{"line":23,"column":22}},"23":{"start":{"line":24,"column":0},"end":{"line":24,"column":21}},"24":{"start":{"line":25,"column":0},"end":{"line":25,"column":18}},"25":{"start":{"line":26,"column":0},"end":{"line":26,"column":62}},"26":{"start":{"line":27,"column":0},"end":{"line":27,"column":32}},"27":{"start":{"line":28,"column":0},"end":{"line":28,"column":10}},"29":{"start":{"line":30,"column":0},"end":{"line":30,"column":27}},"30":{"start":{"line":31,"column":0},"end":{"line":31,"column":88}},"32":{"start":{"line":33,"column":0},"end":{"line":33,"column":67}},"33":{"start":{"line":34,"column":0},"end":{"line":34,"column":71}},"35":{"start":{"line":36,"column":0},"end":{"line":36,"column":30}},"36":{"start":{"line":37,"column":0},"end":{"line":37,"column":18}},"37":{"start":{"line":38,"column":0},"end":{"line":38,"column":60}},"38":{"start":{"line":39,"column":0},"end":{"line":39,"column":10}},"40":{"start":{"line":41,"column":0},"end":{"line":41,"column":21}},"41":{"start":{"line":42,"column":0},"end":{"line":42,"column":29}},"42":{"start":{"line":43,"column":0},"end":{"line":43,"column":59}},"44":{"start":{"line":45,"column":0},"end":{"line":45,"column":56}},"45":{"start":{"line":46,"column":0},"end":{"line":46,"column":72}},"46":{"start":{"line":47,"column":0},"end":{"line":47,"column":9}},"48":{"start":{"line":49,"column":0},"end":{"line":49,"column":57}},"49":{"start":{"line":50,"column":0},"end":{"line":50,"column":5}},"50":{"start":{"line":51,"column":0},"end":{"line":51,"column":1}},"52":{"start":{"line":53,"column":0},"end":{"line":53,"column":22}},"53":{"start":{"line":54,"column":0},"end":{"line":54,"column":42}},"54":{"start":{"line":55,"column":0},"end":{"line":55,"column":40}},"56":{"start":{"line":57,"column":0},"end":{"line":57,"column":9}},"57":{"start":{"line":58,"column":0},"end":{"line":58,"column":60}},"58":{"start":{"line":59,"column":0},"end":{"line":59,"column":91}},"60":{"start":{"line":61,"column":0},"end":{"line":61,"column":67}},"61":{"start":{"line":62,"column":0},"end":{"line":62,"column":92}},"63":{"start":{"line":64,"column":0},"end":{"line":64,"column":69}},"65":{"start":{"line":66,"column":0},"end":{"line":66,"column":64}},"66":{"start":{"line":67,"column":0},"end":{"line":67,"column":71}},"68":{"start":{"line":69,"column":0},"end":{"line":69,"column":54}},"69":{"start":{"line":70,"column":0},"end":{"line":70,"column":21}},"70":{"start":{"line":71,"column":0},"end":{"line":71,"column":56}},"71":{"start":{"line":72,"column":0},"end":{"line":72,"column":57}},"72":{"start":{"line":73,"column":0},"end":{"line":73,"column":5}},"73":{"start":{"line":74,"column":0},"end":{"line":74,"column":1}},"75":{"start":{"line":76,"column":0},"end":{"line":76,"column":32}},"76":{"start":{"line":77,"column":0},"end":{"line":77,"column":50}},"77":{"start":{"line":78,"column":0},"end":{"line":78,"column":49}},"78":{"start":{"line":79,"column":0},"end":{"line":79,"column":30}},"80":{"start":{"line":81,"column":0},"end":{"line":81,"column":39}},"81":{"start":{"line":82,"column":0},"end":{"line":82,"column":87}},"82":{"start":{"line":83,"column":0},"end":{"line":83,"column":5}},"84":{"start":{"line":85,"column":0},"end":{"line":85,"column":9}},"85":{"start":{"line":86,"column":0},"end":{"line":86,"column":58}},"86":{"start":{"line":87,"column":0},"end":{"line":87,"column":70}},"87":{"start":{"line":88,"column":0},"end":{"line":88,"column":21}},"88":{"start":{"line":89,"column":0},"end":{"line":89,"column":83}},"89":{"start":{"line":90,"column":0},"end":{"line":90,"column":9}},"91":{"start":{"line":92,"column":0},"end":{"line":92,"column":60}},"92":{"start":{"line":93,"column":0},"end":{"line":93,"column":25}},"93":{"start":{"line":94,"column":0},"end":{"line":94,"column":89}},"94":{"start":{"line":95,"column":0},"end":{"line":95,"column":31}},"95":{"start":{"line":96,"column":0},"end":{"line":96,"column":9}},"97":{"start":{"line":98,"column":0},"end":{"line":98,"column":68}},"98":{"start":{"line":99,"column":0},"end":{"line":99,"column":21}},"99":{"start":{"line":100,"column":0},"end":{"line":100,"column":28}},"100":{"start":{"line":101,"column":0},"end":{"line":101,"column":93}},"101":{"start":{"line":102,"column":0},"end":{"line":102,"column":5}},"102":{"start":{"line":103,"column":0},"end":{"line":103,"column":1}},"104":{"start":{"line":105,"column":0},"end":{"line":105,"column":32}},"105":{"start":{"line":106,"column":0},"end":{"line":106,"column":51}},"106":{"start":{"line":107,"column":0},"end":{"line":107,"column":30}},"108":{"start":{"line":109,"column":0},"end":{"line":109,"column":70}},"110":{"start":{"line":111,"column":0},"end":{"line":111,"column":9}},"111":{"start":{"line":112,"column":0},"end":{"line":112,"column":60}},"112":{"start":{"line":113,"column":0},"end":{"line":113,"column":147}},"114":{"start":{"line":115,"column":0},"end":{"line":115,"column":59}},"115":{"start":{"line":116,"column":0},"end":{"line":116,"column":52}},"117":{"start":{"line":118,"column":0},"end":{"line":118,"column":55}},"118":{"start":{"line":119,"column":0},"end":{"line":119,"column":19}},"119":{"start":{"line":120,"column":0},"end":{"line":120,"column":26}},"120":{"start":{"line":121,"column":0},"end":{"line":121,"column":79}},"121":{"start":{"line":122,"column":0},"end":{"line":122,"column":5}},"122":{"start":{"line":123,"column":0},"end":{"line":123,"column":1}},"124":{"start":{"line":125,"column":0},"end":{"line":125,"column":38}},"125":{"start":{"line":126,"column":0},"end":{"line":126,"column":56}},"126":{"start":{"line":127,"column":0},"end":{"line":127,"column":32}},"127":{"start":{"line":128,"column":0},"end":{"line":128,"column":36}},"129":{"start":{"line":130,"column":0},"end":{"line":130,"column":91}},"131":{"start":{"line":132,"column":0},"end":{"line":132,"column":9}},"132":{"start":{"line":133,"column":0},"end":{"line":133,"column":42}},"133":{"start":{"line":134,"column":0},"end":{"line":134,"column":62}},"134":{"start":{"line":135,"column":0},"end":{"line":135,"column":84}},"136":{"start":{"line":137,"column":0},"end":{"line":137,"column":57}},"137":{"start":{"line":138,"column":0},"end":{"line":138,"column":25}},"138":{"start":{"line":139,"column":0},"end":{"line":139,"column":89}},"139":{"start":{"line":140,"column":0},"end":{"line":140,"column":29}},"140":{"start":{"line":141,"column":0},"end":{"line":141,"column":9}},"142":{"start":{"line":143,"column":0},"end":{"line":143,"column":68}},"143":{"start":{"line":144,"column":0},"end":{"line":144,"column":19}},"144":{"start":{"line":145,"column":0},"end":{"line":145,"column":26}},"145":{"start":{"line":146,"column":0},"end":{"line":146,"column":66}},"146":{"start":{"line":147,"column":0},"end":{"line":147,"column":5}},"147":{"start":{"line":148,"column":0},"end":{"line":148,"column":1}}},"s":{"0":1,"1":1,"2":1,"3":1,"5":1,"6":1,"7":115,"8":115,"10":115,"11":115,"12":1,"13":1,"14":1,"15":1,"17":114,"18":114,"20":114,"21":114,"22":114,"23":114,"24":114,"25":114,"26":115,"27":115,"29":113,"30":113,"32":113,"33":113,"35":113,"36":113,"37":113,"38":113,"40":115,"41":1,"42":1,"44":1,"45":1,"46":1,"48":0,"49":0,"50":115,"52":1,"53":1,"54":5,"56":5,"57":5,"58":5,"60":4,"61":5,"63":3,"65":3,"66":3,"68":3,"69":5,"70":0,"71":0,"72":0,"73":5,"75":1,"76":1,"77":2,"78":2,"80":2,"81":0,"82":0,"84":2,"85":2,"86":2,"87":2,"88":1,"89":1,"91":1,"92":1,"93":1,"94":1,"95":1,"97":1,"98":2,"99":0,"100":0,"101":0,"102":2,"104":1,"105":1,"106":6,"108":6,"110":5,"111":5,"112":6,"114":4,"115":4,"117":4,"118":6,"119":0,"120":0,"121":0,"122":6,"124":1,"125":1,"126":3,"127":3,"129":3,"131":2,"132":2,"133":2,"134":3,"136":1,"137":1,"138":1,"139":1,"140":1,"142":1,"143":1,"144":1,"145":1,"146":1,"147":3},"branchMap":{"0":{"type":"branch","line":7,"loc":{"start":{"line":7,"column":24},"end":{"line":51,"column":1}},"locations":[{"start":{"line":7,"column":24},"end":{"line":51,"column":1}}]},"1":{"type":"branch","line":12,"loc":{"start":{"line":12,"column":36},"end":{"line":12,"column":45}},"locations":[{"start":{"line":12,"column":36},"end":{"line":12,"column":45}}]},"2":{"type":"branch","line":12,"loc":{"start":{"line":12,"column":46},"end":{"line":12,"column":58}},"locations":[{"start":{"line":12,"column":46},"end":{"line":12,"column":58}}]},"3":{"type":"branch","line":12,"loc":{"start":{"line":12,"column":60},"end":{"line":16,"column":9}},"locations":[{"start":{"line":12,"column":60},"end":{"line":16,"column":9}}]},"4":{"type":"branch","line":16,"loc":{"start":{"line":16,"column":8},"end":{"line":27,"column":23}},"locations":[{"start":{"line":16,"column":8},"end":{"line":27,"column":23}}]},"5":{"type":"branch","line":27,"loc":{"start":{"line":27,"column":23},"end":{"line":27,"column":32}},"locations":[{"start":{"line":27,"column":23},"end":{"line":27,"column":32}}]},"6":{"type":"branch","line":28,"loc":{"start":{"line":28,"column":9},"end":{"line":41,"column":6}},"locations":[{"start":{"line":28,"column":9},"end":{"line":41,"column":6}}]},"7":{"type":"branch","line":41,"loc":{"start":{"line":41,"column":6},"end":{"line":50,"column":5}},"locations":[{"start":{"line":41,"column":6},"end":{"line":50,"column":5}}]},"8":{"type":"branch","line":47,"loc":{"start":{"line":47,"column":8},"end":{"line":50,"column":5}},"locations":[{"start":{"line":47,"column":8},"end":{"line":50,"column":5}}]},"9":{"type":"branch","line":54,"loc":{"start":{"line":54,"column":21},"end":{"line":74,"column":1}},"locations":[{"start":{"line":54,"column":21},"end":{"line":74,"column":1}}]},"10":{"type":"branch","line":59,"loc":{"start":{"line":59,"column":19},"end":{"line":59,"column":91}},"locations":[{"start":{"line":59,"column":19},"end":{"line":59,"column":91}}]},"11":{"type":"branch","line":59,"loc":{"start":{"line":59,"column":90},"end":{"line":62,"column":20}},"locations":[{"start":{"line":59,"column":90},"end":{"line":62,"column":20}}]},"12":{"type":"branch","line":62,"loc":{"start":{"line":62,"column":20},"end":{"line":62,"column":92}},"locations":[{"start":{"line":62,"column":20},"end":{"line":62,"column":92}}]},"13":{"type":"branch","line":62,"loc":{"start":{"line":62,"column":91},"end":{"line":70,"column":6}},"locations":[{"start":{"line":62,"column":91},"end":{"line":70,"column":6}}]},"14":{"type":"branch","line":70,"loc":{"start":{"line":70,"column":6},"end":{"line":73,"column":5}},"locations":[{"start":{"line":70,"column":6},"end":{"line":73,"column":5}}]},"15":{"type":"branch","line":77,"loc":{"start":{"line":77,"column":29},"end":{"line":103,"column":1}},"locations":[{"start":{"line":77,"column":29},"end":{"line":103,"column":1}}]},"16":{"type":"branch","line":81,"loc":{"start":{"line":81,"column":38},"end":{"line":83,"column":5}},"locations":[{"start":{"line":81,"column":38},"end":{"line":83,"column":5}}]},"17":{"type":"branch","line":88,"loc":{"start":{"line":88,"column":20},"end":{"line":99,"column":6}},"locations":[{"start":{"line":88,"column":20},"end":{"line":99,"column":6}}]},"18":{"type":"branch","line":99,"loc":{"start":{"line":99,"column":6},"end":{"line":102,"column":5}},"locations":[{"start":{"line":99,"column":6},"end":{"line":102,"column":5}}]},"19":{"type":"branch","line":106,"loc":{"start":{"line":106,"column":30},"end":{"line":123,"column":1}},"locations":[{"start":{"line":106,"column":30},"end":{"line":123,"column":1}}]},"20":{"type":"branch","line":109,"loc":{"start":{"line":109,"column":16},"end":{"line":109,"column":70}},"locations":[{"start":{"line":109,"column":16},"end":{"line":109,"column":70}}]},"21":{"type":"branch","line":109,"loc":{"start":{"line":109,"column":69},"end":{"line":113,"column":19}},"locations":[{"start":{"line":109,"column":69},"end":{"line":113,"column":19}}]},"22":{"type":"branch","line":113,"loc":{"start":{"line":113,"column":19},"end":{"line":113,"column":147}},"locations":[{"start":{"line":113,"column":19},"end":{"line":113,"column":147}}]},"23":{"type":"branch","line":113,"loc":{"start":{"line":113,"column":146},"end":{"line":119,"column":6}},"locations":[{"start":{"line":113,"column":146},"end":{"line":119,"column":6}}]},"24":{"type":"branch","line":119,"loc":{"start":{"line":119,"column":6},"end":{"line":122,"column":5}},"locations":[{"start":{"line":119,"column":6},"end":{"line":122,"column":5}}]},"25":{"type":"branch","line":126,"loc":{"start":{"line":126,"column":35},"end":{"line":148,"column":1}},"locations":[{"start":{"line":126,"column":35},"end":{"line":148,"column":1}}]},"26":{"type":"branch","line":130,"loc":{"start":{"line":130,"column":22},"end":{"line":130,"column":91}},"locations":[{"start":{"line":130,"column":22},"end":{"line":130,"column":91}}]},"27":{"type":"branch","line":130,"loc":{"start":{"line":130,"column":90},"end":{"line":134,"column":62}},"locations":[{"start":{"line":130,"column":90},"end":{"line":134,"column":62}}]},"28":{"type":"branch","line":134,"loc":{"start":{"line":134,"column":61},"end":{"line":135,"column":19}},"locations":[{"start":{"line":134,"column":61},"end":{"line":135,"column":19}}]},"29":{"type":"branch","line":135,"loc":{"start":{"line":135,"column":19},"end":{"line":135,"column":84}},"locations":[{"start":{"line":135,"column":19},"end":{"line":135,"column":84}}]},"30":{"type":"branch","line":135,"loc":{"start":{"line":135,"column":83},"end":{"line":147,"column":5}},"locations":[{"start":{"line":135,"column":83},"end":{"line":147,"column":5}}]}},"b":{"0":[115],"1":[114],"2":[114],"3":[1],"4":[114],"5":[39],"6":[113],"7":[1],"8":[0],"9":[5],"10":[1],"11":[4],"12":[1],"13":[3],"14":[0],"15":[2],"16":[0],"17":[1],"18":[0],"19":[6],"20":[1],"21":[5],"22":[1],"23":[4],"24":[0],"25":[3],"26":[1],"27":[2],"28":[1],"29":[0],"30":[1]},"fnMap":{"0":{"name":"register","decl":{"start":{"line":7,"column":24},"end":{"line":51,"column":1}},"loc":{"start":{"line":7,"column":24},"end":{"line":51,"column":1}},"line":7},"1":{"name":"login","decl":{"start":{"line":54,"column":21},"end":{"line":74,"column":1}},"loc":{"start":{"line":54,"column":21},"end":{"line":74,"column":1}},"line":54},"2":{"name":"resetPassword","decl":{"start":{"line":77,"column":29},"end":{"line":103,"column":1}},"loc":{"start":{"line":77,"column":29},"end":{"line":103,"column":1}},"line":77},"3":{"name":"forgotPassword","decl":{"start":{"line":106,"column":30},"end":{"line":123,"column":1}},"loc":{"start":{"line":106,"column":30},"end":{"line":123,"column":1}},"line":106},"4":{"name":"publicResetPassword","decl":{"start":{"line":126,"column":35},"end":{"line":148,"column":1}},"loc":{"start":{"line":126,"column":35},"end":{"line":148,"column":1}},"line":126}},"f":{"0":115,"1":5,"2":2,"3":6,"4":3}}
,"C:\\dockerCesizen\\api\\controllers\\emotionController.js": {"path":"C:\\dockerCesizen\\api\\controllers\\emotionController.js","all":false,"statementMap":{"0":{"start":{"line":1,"column":0},"end":{"line":1,"column":72}},"2":{"start":{"line":3,"column":0},"end":{"line":3,"column":3}},"3":{"start":{"line":4,"column":0},"end":{"line":4,"column":19}},"4":{"start":{"line":5,"column":0},"end":{"line":5,"column":3}},"5":{"start":{"line":6,"column":0},"end":{"line":6,"column":49}},"6":{"start":{"line":7,"column":0},"end":{"line":7,"column":9}},"7":{"start":{"line":8,"column":0},"end":{"line":8,"column":58}},"8":{"start":{"line":9,"column":0},"end":{"line":9,"column":26}},"9":{"start":{"line":10,"column":0},"end":{"line":10,"column":21}},"10":{"start":{"line":11,"column":0},"end":{"line":11,"column":28}},"11":{"start":{"line":12,"column":0},"end":{"line":12,"column":86}},"12":{"start":{"line":13,"column":0},"end":{"line":13,"column":5}},"13":{"start":{"line":14,"column":0},"end":{"line":14,"column":1}},"15":{"start":{"line":16,"column":0},"end":{"line":16,"column":3}},"16":{"start":{"line":17,"column":0},"end":{"line":17,"column":23}},"17":{"start":{"line":18,"column":0},"end":{"line":18,"column":3}},"18":{"start":{"line":19,"column":0},"end":{"line":19,"column":51}},"19":{"start":{"line":20,"column":0},"end":{"line":20,"column":9}},"20":{"start":{"line":21,"column":0},"end":{"line":21,"column":71}},"21":{"start":{"line":22,"column":0},"end":{"line":22,"column":83}},"22":{"start":{"line":23,"column":0},"end":{"line":23,"column":25}},"23":{"start":{"line":24,"column":0},"end":{"line":24,"column":21}},"24":{"start":{"line":25,"column":0},"end":{"line":25,"column":28}},"25":{"start":{"line":26,"column":0},"end":{"line":26,"column":87}},"26":{"start":{"line":27,"column":0},"end":{"line":27,"column":5}},"27":{"start":{"line":28,"column":0},"end":{"line":28,"column":1}},"29":{"start":{"line":30,"column":0},"end":{"line":30,"column":3}},"30":{"start":{"line":31,"column":0},"end":{"line":31,"column":20}},"31":{"start":{"line":32,"column":0},"end":{"line":32,"column":3}},"32":{"start":{"line":33,"column":0},"end":{"line":33,"column":50}},"33":{"start":{"line":34,"column":0},"end":{"line":34,"column":9}},"34":{"start":{"line":35,"column":0},"end":{"line":35,"column":51}},"35":{"start":{"line":36,"column":0},"end":{"line":36,"column":82}},"36":{"start":{"line":37,"column":0},"end":{"line":37,"column":37}},"37":{"start":{"line":38,"column":0},"end":{"line":38,"column":21}},"38":{"start":{"line":39,"column":0},"end":{"line":39,"column":28}},"39":{"start":{"line":40,"column":0},"end":{"line":40,"column":83}},"40":{"start":{"line":41,"column":0},"end":{"line":41,"column":5}},"41":{"start":{"line":42,"column":0},"end":{"line":42,"column":1}},"43":{"start":{"line":44,"column":0},"end":{"line":44,"column":3}},"44":{"start":{"line":45,"column":0},"end":{"line":45,"column":23}},"45":{"start":{"line":46,"column":0},"end":{"line":46,"column":3}},"46":{"start":{"line":47,"column":0},"end":{"line":47,"column":50}},"47":{"start":{"line":48,"column":0},"end":{"line":48,"column":9}},"48":{"start":{"line":49,"column":0},"end":{"line":49,"column":51}},"49":{"start":{"line":50,"column":0},"end":{"line":50,"column":97}},"50":{"start":{"line":51,"column":0},"end":{"line":51,"column":25}},"51":{"start":{"line":52,"column":0},"end":{"line":52,"column":21}},"52":{"start":{"line":53,"column":0},"end":{"line":53,"column":28}},"53":{"start":{"line":54,"column":0},"end":{"line":54,"column":86}},"54":{"start":{"line":55,"column":0},"end":{"line":55,"column":5}},"55":{"start":{"line":56,"column":0},"end":{"line":56,"column":1}},"57":{"start":{"line":58,"column":0},"end":{"line":58,"column":3}},"58":{"start":{"line":59,"column":0},"end":{"line":59,"column":27}},"59":{"start":{"line":60,"column":0},"end":{"line":60,"column":3}},"60":{"start":{"line":61,"column":0},"end":{"line":61,"column":50}},"61":{"start":{"line":62,"column":0},"end":{"line":62,"column":9}},"62":{"start":{"line":63,"column":0},"end":{"line":63,"column":69}},"63":{"start":{"line":64,"column":0},"end":{"line":64,"column":101}},"64":{"start":{"line":65,"column":0},"end":{"line":65,"column":30}},"65":{"start":{"line":66,"column":0},"end":{"line":66,"column":21}},"66":{"start":{"line":67,"column":0},"end":{"line":67,"column":28}},"67":{"start":{"line":68,"column":0},"end":{"line":68,"column":86}},"68":{"start":{"line":69,"column":0},"end":{"line":69,"column":5}},"69":{"start":{"line":70,"column":0},"end":{"line":70,"column":1}}},"s":{"0":1,"2":1,"3":1,"4":1,"5":1,"6":1,"7":1,"8":1,"9":1,"10":0,"11":0,"12":0,"13":1,"15":1,"16":1,"17":1,"18":1,"19":0,"20":0,"21":0,"22":0,"23":0,"24":0,"25":0,"26":0,"27":0,"29":1,"30":1,"31":1,"32":1,"33":11,"34":11,"35":11,"36":11,"37":11,"38":0,"39":0,"40":0,"41":11,"43":1,"44":1,"45":1,"46":1,"47":1,"48":1,"49":1,"50":1,"51":1,"52":0,"53":0,"54":0,"55":1,"57":1,"58":1,"59":1,"60":1,"61":1,"62":1,"63":1,"64":1,"65":1,"66":0,"67":0,"68":0,"69":1},"branchMap":{"0":{"type":"branch","line":6,"loc":{"start":{"line":6,"column":28},"end":{"line":14,"column":1}},"locations":[{"start":{"line":6,"column":28},"end":{"line":14,"column":1}}]},"1":{"type":"branch","line":10,"loc":{"start":{"line":10,"column":6},"end":{"line":13,"column":5}},"locations":[{"start":{"line":10,"column":6},"end":{"line":13,"column":5}}]},"2":{"type":"branch","line":33,"loc":{"start":{"line":33,"column":29},"end":{"line":42,"column":1}},"locations":[{"start":{"line":33,"column":29},"end":{"line":42,"column":1}}]},"3":{"type":"branch","line":38,"loc":{"start":{"line":38,"column":6},"end":{"line":41,"column":5}},"locations":[{"start":{"line":38,"column":6},"end":{"line":41,"column":5}}]},"4":{"type":"branch","line":47,"loc":{"start":{"line":47,"column":29},"end":{"line":56,"column":1}},"locations":[{"start":{"line":47,"column":29},"end":{"line":56,"column":1}}]},"5":{"type":"branch","line":52,"loc":{"start":{"line":52,"column":6},"end":{"line":55,"column":5}},"locations":[{"start":{"line":52,"column":6},"end":{"line":55,"column":5}}]},"6":{"type":"branch","line":61,"loc":{"start":{"line":61,"column":29},"end":{"line":70,"column":1}},"locations":[{"start":{"line":61,"column":29},"end":{"line":70,"column":1}}]},"7":{"type":"branch","line":64,"loc":{"start":{"line":64,"column":22},"end":{"line":64,"column":101}},"locations":[{"start":{"line":64,"column":22},"end":{"line":64,"column":101}}]},"8":{"type":"branch","line":66,"loc":{"start":{"line":66,"column":6},"end":{"line":69,"column":5}},"locations":[{"start":{"line":66,"column":6},"end":{"line":69,"column":5}}]}},"b":{"0":[1],"1":[0],"2":[11],"3":[0],"4":[1],"5":[0],"6":[1],"7":[0],"8":[0]},"fnMap":{"0":{"name":"listEmotions","decl":{"start":{"line":6,"column":28},"end":{"line":14,"column":1}},"loc":{"start":{"line":6,"column":28},"end":{"line":14,"column":1}},"line":6},"1":{"name":"getEmotionById","decl":{"start":{"line":19,"column":30},"end":{"line":28,"column":1}},"loc":{"start":{"line":19,"column":30},"end":{"line":28,"column":1}},"line":19},"2":{"name":"createEmotion","decl":{"start":{"line":33,"column":29},"end":{"line":42,"column":1}},"loc":{"start":{"line":33,"column":29},"end":{"line":42,"column":1}},"line":33},"3":{"name":"updateEmotion","decl":{"start":{"line":47,"column":29},"end":{"line":56,"column":1}},"loc":{"start":{"line":47,"column":29},"end":{"line":56,"column":1}},"line":47},"4":{"name":"deleteEmotion","decl":{"start":{"line":61,"column":29},"end":{"line":70,"column":1}},"loc":{"start":{"line":61,"column":29},"end":{"line":70,"column":1}},"line":61}},"f":{"0":1,"1":0,"2":11,"3":1,"4":1}}
,"C:\\dockerCesizen\\api\\controllers\\entryController.js": {"path":"C:\\dockerCesizen\\api\\controllers\\entryController.js","all":false,"statementMap":{"0":{"start":{"line":1,"column":0},"end":{"line":1,"column":68}},"2":{"start":{"line":3,"column":0},"end":{"line":3,"column":35}},"3":{"start":{"line":4,"column":0},"end":{"line":4,"column":45}},"4":{"start":{"line":5,"column":0},"end":{"line":5,"column":53}},"5":{"start":{"line":6,"column":0},"end":{"line":6,"column":30}},"7":{"start":{"line":8,"column":0},"end":{"line":8,"column":37}},"8":{"start":{"line":9,"column":0},"end":{"line":9,"column":85}},"9":{"start":{"line":10,"column":0},"end":{"line":10,"column":5}},"11":{"start":{"line":12,"column":0},"end":{"line":12,"column":9}},"12":{"start":{"line":13,"column":0},"end":{"line":13,"column":49}},"13":{"start":{"line":14,"column":0},"end":{"line":14,"column":101}},"14":{"start":{"line":15,"column":0},"end":{"line":15,"column":35}},"15":{"start":{"line":16,"column":0},"end":{"line":16,"column":21}},"16":{"start":{"line":17,"column":0},"end":{"line":17,"column":28}},"17":{"start":{"line":18,"column":0},"end":{"line":18,"column":92}},"18":{"start":{"line":19,"column":0},"end":{"line":19,"column":5}},"19":{"start":{"line":20,"column":0},"end":{"line":20,"column":1}},"21":{"start":{"line":22,"column":0},"end":{"line":22,"column":37}},"22":{"start":{"line":23,"column":0},"end":{"line":23,"column":46}},"23":{"start":{"line":24,"column":0},"end":{"line":24,"column":29}},"24":{"start":{"line":25,"column":0},"end":{"line":25,"column":53}},"25":{"start":{"line":26,"column":0},"end":{"line":26,"column":30}},"27":{"start":{"line":28,"column":0},"end":{"line":28,"column":9}},"28":{"start":{"line":29,"column":0},"end":{"line":29,"column":59}},"30":{"start":{"line":31,"column":0},"end":{"line":31,"column":55}},"31":{"start":{"line":32,"column":0},"end":{"line":32,"column":90}},"32":{"start":{"line":33,"column":0},"end":{"line":33,"column":9}},"34":{"start":{"line":35,"column":0},"end":{"line":35,"column":52}},"35":{"start":{"line":36,"column":0},"end":{"line":36,"column":88}},"36":{"start":{"line":37,"column":0},"end":{"line":37,"column":23}},"37":{"start":{"line":38,"column":0},"end":{"line":38,"column":21}},"38":{"start":{"line":39,"column":0},"end":{"line":39,"column":28}},"39":{"start":{"line":40,"column":0},"end":{"line":40,"column":86}},"40":{"start":{"line":41,"column":0},"end":{"line":41,"column":5}},"41":{"start":{"line":42,"column":0},"end":{"line":42,"column":1}},"43":{"start":{"line":44,"column":0},"end":{"line":44,"column":38}},"44":{"start":{"line":45,"column":0},"end":{"line":45,"column":48}},"45":{"start":{"line":46,"column":0},"end":{"line":46,"column":29}},"46":{"start":{"line":47,"column":0},"end":{"line":47,"column":30}},"48":{"start":{"line":49,"column":0},"end":{"line":49,"column":9}},"49":{"start":{"line":50,"column":0},"end":{"line":50,"column":59}},"51":{"start":{"line":52,"column":0},"end":{"line":52,"column":55}},"52":{"start":{"line":53,"column":0},"end":{"line":53,"column":90}},"53":{"start":{"line":54,"column":0},"end":{"line":54,"column":9}},"55":{"start":{"line":56,"column":0},"end":{"line":56,"column":52}},"56":{"start":{"line":57,"column":0},"end":{"line":57,"column":56}},"57":{"start":{"line":58,"column":0},"end":{"line":58,"column":100}},"59":{"start":{"line":60,"column":0},"end":{"line":60,"column":30}},"60":{"start":{"line":61,"column":0},"end":{"line":61,"column":21}},"61":{"start":{"line":62,"column":0},"end":{"line":62,"column":28}},"62":{"start":{"line":63,"column":0},"end":{"line":63,"column":85}},"63":{"start":{"line":64,"column":0},"end":{"line":64,"column":5}},"64":{"start":{"line":65,"column":0},"end":{"line":65,"column":1}},"66":{"start":{"line":67,"column":0},"end":{"line":67,"column":31}},"67":{"start":{"line":68,"column":0},"end":{"line":68,"column":50}},"68":{"start":{"line":69,"column":0},"end":{"line":69,"column":30}},"70":{"start":{"line":71,"column":0},"end":{"line":71,"column":9}},"71":{"start":{"line":72,"column":0},"end":{"line":72,"column":64}},"72":{"start":{"line":73,"column":0},"end":{"line":73,"column":25}},"73":{"start":{"line":74,"column":0},"end":{"line":74,"column":21}},"74":{"start":{"line":75,"column":0},"end":{"line":75,"column":28}},"75":{"start":{"line":76,"column":0},"end":{"line":76,"column":84}},"76":{"start":{"line":77,"column":0},"end":{"line":77,"column":5}},"77":{"start":{"line":78,"column":0},"end":{"line":78,"column":1}},"79":{"start":{"line":80,"column":0},"end":{"line":80,"column":36}},"80":{"start":{"line":81,"column":0},"end":{"line":81,"column":49}},"81":{"start":{"line":82,"column":0},"end":{"line":82,"column":29}},"82":{"start":{"line":83,"column":0},"end":{"line":83,"column":30}},"84":{"start":{"line":85,"column":0},"end":{"line":85,"column":9}},"85":{"start":{"line":86,"column":0},"end":{"line":86,"column":56}},"87":{"start":{"line":88,"column":0},"end":{"line":88,"column":49}},"88":{"start":{"line":89,"column":0},"end":{"line":89,"column":90}},"89":{"start":{"line":90,"column":0},"end":{"line":90,"column":9}},"91":{"start":{"line":92,"column":0},"end":{"line":92,"column":23}},"92":{"start":{"line":93,"column":0},"end":{"line":93,"column":21}},"93":{"start":{"line":94,"column":0},"end":{"line":94,"column":28}},"94":{"start":{"line":95,"column":0},"end":{"line":95,"column":86}},"95":{"start":{"line":96,"column":0},"end":{"line":96,"column":5}},"96":{"start":{"line":97,"column":0},"end":{"line":97,"column":1}},"98":{"start":{"line":99,"column":0},"end":{"line":99,"column":32}},"99":{"start":{"line":100,"column":0},"end":{"line":100,"column":48}},"100":{"start":{"line":101,"column":0},"end":{"line":101,"column":32}},"101":{"start":{"line":102,"column":0},"end":{"line":102,"column":30}},"102":{"start":{"line":103,"column":0},"end":{"line":103,"column":36}},"103":{"start":{"line":104,"column":0},"end":{"line":104,"column":36}},"104":{"start":{"line":105,"column":0},"end":{"line":105,"column":34}},"105":{"start":{"line":106,"column":0},"end":{"line":106,"column":30}},"106":{"start":{"line":107,"column":0},"end":{"line":107,"column":42}},"107":{"start":{"line":108,"column":0},"end":{"line":108,"column":32}},"108":{"start":{"line":109,"column":0},"end":{"line":109,"column":25}},"109":{"start":{"line":110,"column":0},"end":{"line":110,"column":96}},"110":{"start":{"line":111,"column":0},"end":{"line":111,"column":5}},"112":{"start":{"line":113,"column":0},"end":{"line":113,"column":9}},"113":{"start":{"line":114,"column":0},"end":{"line":114,"column":64}},"114":{"start":{"line":115,"column":0},"end":{"line":115,"column":82}},"115":{"start":{"line":116,"column":0},"end":{"line":116,"column":24}},"116":{"start":{"line":117,"column":0},"end":{"line":117,"column":21}},"117":{"start":{"line":118,"column":0},"end":{"line":118,"column":47}},"118":{"start":{"line":119,"column":0},"end":{"line":119,"column":82}},"119":{"start":{"line":120,"column":0},"end":{"line":120,"column":5}},"120":{"start":{"line":121,"column":0},"end":{"line":121,"column":1}}},"s":{"0":1,"2":1,"3":1,"4":7,"5":7,"7":7,"8":1,"9":1,"11":6,"12":6,"13":6,"14":6,"15":7,"16":0,"17":0,"18":0,"19":7,"21":1,"22":1,"23":1,"24":1,"25":1,"27":1,"28":1,"30":1,"31":0,"32":0,"34":1,"35":1,"36":1,"37":1,"38":0,"39":0,"40":0,"41":1,"43":1,"44":1,"45":1,"46":1,"48":1,"49":1,"51":1,"52":0,"53":0,"55":1,"56":1,"57":1,"59":1,"60":1,"61":0,"62":0,"63":0,"64":1,"66":1,"67":1,"68":1,"70":1,"71":1,"72":1,"73":1,"74":0,"75":0,"76":0,"77":1,"79":1,"80":1,"81":0,"82":0,"84":0,"85":0,"87":0,"88":0,"89":0,"91":0,"92":0,"93":0,"94":0,"95":0,"96":0,"98":1,"99":1,"100":2,"101":2,"102":2,"103":2,"104":2,"105":2,"106":2,"107":2,"108":2,"109":1,"110":1,"112":1,"113":1,"114":1,"115":1,"116":2,"117":0,"118":0,"119":0,"120":2},"branchMap":{"0":{"type":"branch","line":4,"loc":{"start":{"line":4,"column":24},"end":{"line":20,"column":1}},"locations":[{"start":{"line":4,"column":24},"end":{"line":20,"column":1}}]},"1":{"type":"branch","line":8,"loc":{"start":{"line":8,"column":20},"end":{"line":8,"column":34}},"locations":[{"start":{"line":8,"column":20},"end":{"line":8,"column":34}}]},"2":{"type":"branch","line":8,"loc":{"start":{"line":8,"column":36},"end":{"line":10,"column":5}},"locations":[{"start":{"line":8,"column":36},"end":{"line":10,"column":5}}]},"3":{"type":"branch","line":10,"loc":{"start":{"line":10,"column":4},"end":{"line":16,"column":6}},"locations":[{"start":{"line":10,"column":4},"end":{"line":16,"column":6}}]},"4":{"type":"branch","line":16,"loc":{"start":{"line":16,"column":6},"end":{"line":19,"column":5}},"locations":[{"start":{"line":16,"column":6},"end":{"line":19,"column":5}}]},"5":{"type":"branch","line":23,"loc":{"start":{"line":23,"column":25},"end":{"line":42,"column":1}},"locations":[{"start":{"line":23,"column":25},"end":{"line":42,"column":1}}]},"6":{"type":"branch","line":31,"loc":{"start":{"line":31,"column":54},"end":{"line":33,"column":9}},"locations":[{"start":{"line":31,"column":54},"end":{"line":33,"column":9}}]},"7":{"type":"branch","line":38,"loc":{"start":{"line":38,"column":6},"end":{"line":41,"column":5}},"locations":[{"start":{"line":38,"column":6},"end":{"line":41,"column":5}}]},"8":{"type":"branch","line":45,"loc":{"start":{"line":45,"column":27},"end":{"line":65,"column":1}},"locations":[{"start":{"line":45,"column":27},"end":{"line":65,"column":1}}]},"9":{"type":"branch","line":52,"loc":{"start":{"line":52,"column":54},"end":{"line":54,"column":9}},"locations":[{"start":{"line":52,"column":54},"end":{"line":54,"column":9}}]},"10":{"type":"branch","line":58,"loc":{"start":{"line":58,"column":22},"end":{"line":58,"column":100}},"locations":[{"start":{"line":58,"column":22},"end":{"line":58,"column":100}}]},"11":{"type":"branch","line":61,"loc":{"start":{"line":61,"column":6},"end":{"line":64,"column":5}},"locations":[{"start":{"line":61,"column":6},"end":{"line":64,"column":5}}]},"12":{"type":"branch","line":68,"loc":{"start":{"line":68,"column":29},"end":{"line":78,"column":1}},"locations":[{"start":{"line":68,"column":29},"end":{"line":78,"column":1}}]},"13":{"type":"branch","line":74,"loc":{"start":{"line":74,"column":6},"end":{"line":77,"column":5}},"locations":[{"start":{"line":74,"column":6},"end":{"line":77,"column":5}}]},"14":{"type":"branch","line":100,"loc":{"start":{"line":100,"column":27},"end":{"line":121,"column":1}},"locations":[{"start":{"line":100,"column":27},"end":{"line":121,"column":1}}]},"15":{"type":"branch","line":109,"loc":{"start":{"line":109,"column":24},"end":{"line":117,"column":6}},"locations":[{"start":{"line":109,"column":24},"end":{"line":117,"column":6}}]},"16":{"type":"branch","line":117,"loc":{"start":{"line":117,"column":6},"end":{"line":120,"column":5}},"locations":[{"start":{"line":117,"column":6},"end":{"line":120,"column":5}}]}},"b":{"0":[7],"1":[6],"2":[1],"3":[6],"4":[0],"5":[1],"6":[0],"7":[0],"8":[1],"9":[0],"10":[0],"11":[0],"12":[1],"13":[0],"14":[2],"15":[1],"16":[0]},"fnMap":{"0":{"name":"addEntry","decl":{"start":{"line":4,"column":24},"end":{"line":20,"column":1}},"loc":{"start":{"line":4,"column":24},"end":{"line":20,"column":1}},"line":4},"1":{"name":"editEntry","decl":{"start":{"line":23,"column":25},"end":{"line":42,"column":1}},"loc":{"start":{"line":23,"column":25},"end":{"line":42,"column":1}},"line":23},"2":{"name":"removeEntry","decl":{"start":{"line":45,"column":27},"end":{"line":65,"column":1}},"loc":{"start":{"line":45,"column":27},"end":{"line":65,"column":1}},"line":45},"3":{"name":"listMyEntries","decl":{"start":{"line":68,"column":29},"end":{"line":78,"column":1}},"loc":{"start":{"line":68,"column":29},"end":{"line":78,"column":1}},"line":68},"4":{"name":"getEntryById","decl":{"start":{"line":81,"column":28},"end":{"line":97,"column":1}},"loc":{"start":{"line":81,"column":28},"end":{"line":97,"column":1}},"line":81},"5":{"name":"getMyReport","decl":{"start":{"line":100,"column":27},"end":{"line":121,"column":1}},"loc":{"start":{"line":100,"column":27},"end":{"line":121,"column":1}},"line":100}},"f":{"0":7,"1":1,"2":1,"3":1,"4":0,"5":2}}
,"C:\\dockerCesizen\\api\\controllers\\menuController.js": {"path":"C:\\dockerCesizen\\api\\controllers\\menuController.js","all":false,"statementMap":{"0":{"start":{"line":1,"column":0},"end":{"line":1,"column":66}},"1":{"start":{"line":2,"column":0},"end":{"line":2,"column":58}},"3":{"start":{"line":4,"column":0},"end":{"line":4,"column":3}},"4":{"start":{"line":5,"column":0},"end":{"line":5,"column":16}},"5":{"start":{"line":6,"column":0},"end":{"line":6,"column":3}},"6":{"start":{"line":7,"column":0},"end":{"line":7,"column":46}},"7":{"start":{"line":8,"column":0},"end":{"line":8,"column":9}},"8":{"start":{"line":9,"column":0},"end":{"line":9,"column":52}},"9":{"start":{"line":10,"column":0},"end":{"line":10,"column":23}},"10":{"start":{"line":11,"column":0},"end":{"line":11,"column":21}},"11":{"start":{"line":12,"column":0},"end":{"line":12,"column":28}},"12":{"start":{"line":13,"column":0},"end":{"line":13,"column":83}},"13":{"start":{"line":14,"column":0},"end":{"line":14,"column":5}},"14":{"start":{"line":15,"column":0},"end":{"line":15,"column":1}},"16":{"start":{"line":17,"column":0},"end":{"line":17,"column":3}},"17":{"start":{"line":18,"column":0},"end":{"line":18,"column":20}},"18":{"start":{"line":19,"column":0},"end":{"line":19,"column":3}},"19":{"start":{"line":20,"column":0},"end":{"line":20,"column":48}},"20":{"start":{"line":21,"column":0},"end":{"line":21,"column":9}},"21":{"start":{"line":22,"column":0},"end":{"line":22,"column":65}},"22":{"start":{"line":23,"column":0},"end":{"line":23,"column":76}},"23":{"start":{"line":24,"column":0},"end":{"line":24,"column":22}},"24":{"start":{"line":25,"column":0},"end":{"line":25,"column":21}},"25":{"start":{"line":26,"column":0},"end":{"line":26,"column":28}},"26":{"start":{"line":27,"column":0},"end":{"line":27,"column":81}},"27":{"start":{"line":28,"column":0},"end":{"line":28,"column":5}},"28":{"start":{"line":29,"column":0},"end":{"line":29,"column":1}},"30":{"start":{"line":31,"column":0},"end":{"line":31,"column":3}},"31":{"start":{"line":32,"column":0},"end":{"line":32,"column":17}},"32":{"start":{"line":33,"column":0},"end":{"line":33,"column":3}},"33":{"start":{"line":34,"column":0},"end":{"line":34,"column":47}},"34":{"start":{"line":35,"column":0},"end":{"line":35,"column":9}},"35":{"start":{"line":36,"column":0},"end":{"line":36,"column":51}},"36":{"start":{"line":37,"column":0},"end":{"line":37,"column":55}},"37":{"start":{"line":38,"column":0},"end":{"line":38,"column":34}},"38":{"start":{"line":39,"column":0},"end":{"line":39,"column":21}},"39":{"start":{"line":40,"column":0},"end":{"line":40,"column":28}},"40":{"start":{"line":41,"column":0},"end":{"line":41,"column":77}},"41":{"start":{"line":42,"column":0},"end":{"line":42,"column":5}},"42":{"start":{"line":43,"column":0},"end":{"line":43,"column":1}},"44":{"start":{"line":45,"column":0},"end":{"line":45,"column":3}},"45":{"start":{"line":46,"column":0},"end":{"line":46,"column":20}},"46":{"start":{"line":47,"column":0},"end":{"line":47,"column":3}},"47":{"start":{"line":48,"column":0},"end":{"line":48,"column":47}},"49":{"start":{"line":50,"column":0},"end":{"line":50,"column":38}},"50":{"start":{"line":51,"column":0},"end":{"line":51,"column":25}},"52":{"start":{"line":53,"column":0},"end":{"line":53,"column":9}},"53":{"start":{"line":54,"column":0},"end":{"line":54,"column":61}},"54":{"start":{"line":55,"column":0},"end":{"line":55,"column":25}},"55":{"start":{"line":56,"column":0},"end":{"line":56,"column":17}},"56":{"start":{"line":57,"column":0},"end":{"line":57,"column":55}},"57":{"start":{"line":58,"column":0},"end":{"line":58,"column":57}},"58":{"start":{"line":59,"column":0},"end":{"line":59,"column":5}},"59":{"start":{"line":60,"column":0},"end":{"line":60,"column":1}},"60":{"start":{"line":61,"column":0},"end":{"line":61,"column":2}},"62":{"start":{"line":63,"column":0},"end":{"line":63,"column":3}},"63":{"start":{"line":64,"column":0},"end":{"line":64,"column":24}},"64":{"start":{"line":65,"column":0},"end":{"line":65,"column":3}},"65":{"start":{"line":66,"column":0},"end":{"line":66,"column":47}},"66":{"start":{"line":67,"column":0},"end":{"line":67,"column":9}},"67":{"start":{"line":68,"column":0},"end":{"line":68,"column":66}},"68":{"start":{"line":69,"column":0},"end":{"line":69,"column":97}},"69":{"start":{"line":70,"column":0},"end":{"line":70,"column":30}},"70":{"start":{"line":71,"column":0},"end":{"line":71,"column":21}},"71":{"start":{"line":72,"column":0},"end":{"line":72,"column":28}},"72":{"start":{"line":73,"column":0},"end":{"line":73,"column":80}},"73":{"start":{"line":74,"column":0},"end":{"line":74,"column":5}},"74":{"start":{"line":75,"column":0},"end":{"line":75,"column":1}}},"s":{"0":1,"1":1,"3":1,"4":1,"5":1,"6":1,"7":1,"8":1,"9":1,"10":1,"11":0,"12":0,"13":0,"14":1,"16":1,"17":1,"18":1,"19":1,"20":0,"21":0,"22":0,"23":0,"24":0,"25":0,"26":0,"27":0,"28":0,"30":1,"31":1,"32":1,"33":1,"34":10,"35":10,"36":10,"37":10,"38":10,"39":0,"40":0,"41":0,"42":10,"44":1,"45":1,"46":1,"47":1,"49":1,"50":1,"52":1,"53":1,"54":1,"55":1,"56":0,"57":0,"58":0,"59":1,"60":1,"62":1,"63":1,"64":1,"65":1,"66":1,"67":1,"68":1,"69":1,"70":1,"71":0,"72":0,"73":0,"74":1},"branchMap":{"0":{"type":"branch","line":7,"loc":{"start":{"line":7,"column":25},"end":{"line":15,"column":1}},"locations":[{"start":{"line":7,"column":25},"end":{"line":15,"column":1}}]},"1":{"type":"branch","line":11,"loc":{"start":{"line":11,"column":6},"end":{"line":14,"column":5}},"locations":[{"start":{"line":11,"column":6},"end":{"line":14,"column":5}}]},"2":{"type":"branch","line":34,"loc":{"start":{"line":34,"column":26},"end":{"line":43,"column":1}},"locations":[{"start":{"line":34,"column":26},"end":{"line":43,"column":1}}]},"3":{"type":"branch","line":39,"loc":{"start":{"line":39,"column":6},"end":{"line":42,"column":5}},"locations":[{"start":{"line":39,"column":6},"end":{"line":42,"column":5}}]},"4":{"type":"branch","line":48,"loc":{"start":{"line":48,"column":26},"end":{"line":60,"column":1}},"locations":[{"start":{"line":48,"column":26},"end":{"line":60,"column":1}}]},"5":{"type":"branch","line":56,"loc":{"start":{"line":56,"column":6},"end":{"line":59,"column":5}},"locations":[{"start":{"line":56,"column":6},"end":{"line":59,"column":5}}]},"6":{"type":"branch","line":66,"loc":{"start":{"line":66,"column":26},"end":{"line":75,"column":1}},"locations":[{"start":{"line":66,"column":26},"end":{"line":75,"column":1}}]},"7":{"type":"branch","line":69,"loc":{"start":{"line":69,"column":22},"end":{"line":69,"column":97}},"locations":[{"start":{"line":69,"column":22},"end":{"line":69,"column":97}}]},"8":{"type":"branch","line":71,"loc":{"start":{"line":71,"column":6},"end":{"line":74,"column":5}},"locations":[{"start":{"line":71,"column":6},"end":{"line":74,"column":5}}]}},"b":{"0":[1],"1":[0],"2":[10],"3":[0],"4":[1],"5":[0],"6":[1],"7":[0],"8":[0]},"fnMap":{"0":{"name":"listMenus","decl":{"start":{"line":7,"column":25},"end":{"line":15,"column":1}},"loc":{"start":{"line":7,"column":25},"end":{"line":15,"column":1}},"line":7},"1":{"name":"getMenuById","decl":{"start":{"line":20,"column":27},"end":{"line":29,"column":1}},"loc":{"start":{"line":20,"column":27},"end":{"line":29,"column":1}},"line":20},"2":{"name":"createMenu","decl":{"start":{"line":34,"column":26},"end":{"line":43,"column":1}},"loc":{"start":{"line":34,"column":26},"end":{"line":43,"column":1}},"line":34},"3":{"name":"updateMenu","decl":{"start":{"line":48,"column":26},"end":{"line":60,"column":1}},"loc":{"start":{"line":48,"column":26},"end":{"line":60,"column":1}},"line":48},"4":{"name":"deleteMenu","decl":{"start":{"line":66,"column":26},"end":{"line":75,"column":1}},"loc":{"start":{"line":66,"column":26},"end":{"line":75,"column":1}},"line":66}},"f":{"0":1,"1":0,"2":10,"3":1,"4":1}}
,"C:\\dockerCesizen\\api\\controllers\\pageController.js": {"path":"C:\\dockerCesizen\\api\\controllers\\pageController.js","all":false,"statementMap":{"0":{"start":{"line":1,"column":0},"end":{"line":1,"column":66}},"1":{"start":{"line":2,"column":0},"end":{"line":2,"column":66}},"2":{"start":{"line":3,"column":0},"end":{"line":3,"column":58}},"4":{"start":{"line":5,"column":0},"end":{"line":5,"column":3}},"5":{"start":{"line":6,"column":0},"end":{"line":6,"column":16}},"6":{"start":{"line":7,"column":0},"end":{"line":7,"column":3}},"7":{"start":{"line":8,"column":0},"end":{"line":8,"column":53}},"8":{"start":{"line":9,"column":0},"end":{"line":9,"column":9}},"9":{"start":{"line":10,"column":0},"end":{"line":10,"column":75}},"10":{"start":{"line":11,"column":0},"end":{"line":11,"column":65}},"11":{"start":{"line":12,"column":0},"end":{"line":12,"column":23}},"12":{"start":{"line":13,"column":0},"end":{"line":13,"column":21}},"13":{"start":{"line":14,"column":0},"end":{"line":14,"column":28}},"14":{"start":{"line":15,"column":0},"end":{"line":15,"column":83}},"15":{"start":{"line":16,"column":0},"end":{"line":16,"column":5}},"16":{"start":{"line":17,"column":0},"end":{"line":17,"column":1}},"18":{"start":{"line":19,"column":0},"end":{"line":19,"column":3}},"19":{"start":{"line":20,"column":0},"end":{"line":20,"column":20}},"20":{"start":{"line":21,"column":0},"end":{"line":21,"column":3}},"21":{"start":{"line":22,"column":0},"end":{"line":22,"column":48}},"22":{"start":{"line":23,"column":0},"end":{"line":23,"column":9}},"23":{"start":{"line":24,"column":0},"end":{"line":24,"column":65}},"24":{"start":{"line":25,"column":0},"end":{"line":25,"column":77}},"25":{"start":{"line":26,"column":0},"end":{"line":26,"column":22}},"26":{"start":{"line":27,"column":0},"end":{"line":27,"column":21}},"27":{"start":{"line":28,"column":0},"end":{"line":28,"column":28}},"28":{"start":{"line":29,"column":0},"end":{"line":29,"column":84}},"29":{"start":{"line":30,"column":0},"end":{"line":30,"column":5}},"30":{"start":{"line":31,"column":0},"end":{"line":31,"column":1}},"32":{"start":{"line":33,"column":0},"end":{"line":33,"column":3}},"33":{"start":{"line":34,"column":0},"end":{"line":34,"column":17}},"34":{"start":{"line":35,"column":0},"end":{"line":35,"column":3}},"35":{"start":{"line":36,"column":0},"end":{"line":36,"column":47}},"36":{"start":{"line":37,"column":0},"end":{"line":37,"column":9}},"37":{"start":{"line":38,"column":0},"end":{"line":38,"column":51}},"38":{"start":{"line":39,"column":0},"end":{"line":39,"column":55}},"39":{"start":{"line":40,"column":0},"end":{"line":40,"column":34}},"40":{"start":{"line":41,"column":0},"end":{"line":41,"column":21}},"41":{"start":{"line":42,"column":0},"end":{"line":42,"column":28}},"42":{"start":{"line":43,"column":0},"end":{"line":43,"column":80}},"43":{"start":{"line":44,"column":0},"end":{"line":44,"column":5}},"44":{"start":{"line":45,"column":0},"end":{"line":45,"column":1}},"46":{"start":{"line":47,"column":0},"end":{"line":47,"column":3}},"47":{"start":{"line":48,"column":0},"end":{"line":48,"column":20}},"48":{"start":{"line":49,"column":0},"end":{"line":49,"column":3}},"49":{"start":{"line":50,"column":0},"end":{"line":50,"column":47}},"50":{"start":{"line":51,"column":0},"end":{"line":51,"column":9}},"51":{"start":{"line":52,"column":0},"end":{"line":52,"column":51}},"52":{"start":{"line":53,"column":0},"end":{"line":53,"column":70}},"53":{"start":{"line":54,"column":0},"end":{"line":54,"column":22}},"54":{"start":{"line":55,"column":0},"end":{"line":55,"column":21}},"55":{"start":{"line":56,"column":0},"end":{"line":56,"column":28}},"56":{"start":{"line":57,"column":0},"end":{"line":57,"column":83}},"57":{"start":{"line":58,"column":0},"end":{"line":58,"column":5}},"58":{"start":{"line":59,"column":0},"end":{"line":59,"column":1}},"61":{"start":{"line":62,"column":0},"end":{"line":62,"column":3}},"62":{"start":{"line":63,"column":0},"end":{"line":63,"column":24}},"63":{"start":{"line":64,"column":0},"end":{"line":64,"column":3}},"64":{"start":{"line":65,"column":0},"end":{"line":65,"column":47}},"65":{"start":{"line":66,"column":0},"end":{"line":66,"column":9}},"66":{"start":{"line":67,"column":0},"end":{"line":67,"column":66}},"67":{"start":{"line":68,"column":0},"end":{"line":68,"column":98}},"68":{"start":{"line":69,"column":0},"end":{"line":69,"column":30}},"69":{"start":{"line":70,"column":0},"end":{"line":70,"column":21}},"70":{"start":{"line":71,"column":0},"end":{"line":71,"column":28}},"71":{"start":{"line":72,"column":0},"end":{"line":72,"column":83}},"72":{"start":{"line":73,"column":0},"end":{"line":73,"column":5}},"73":{"start":{"line":74,"column":0},"end":{"line":74,"column":1}},"75":{"start":{"line":76,"column":0},"end":{"line":76,"column":53}},"76":{"start":{"line":77,"column":0},"end":{"line":77,"column":9}},"77":{"start":{"line":78,"column":0},"end":{"line":78,"column":65}},"78":{"start":{"line":79,"column":0},"end":{"line":79,"column":77}},"80":{"start":{"line":81,"column":0},"end":{"line":81,"column":64}},"81":{"start":{"line":82,"column":0},"end":{"line":82,"column":33}},"82":{"start":{"line":83,"column":0},"end":{"line":83,"column":21}},"83":{"start":{"line":84,"column":0},"end":{"line":84,"column":28}},"84":{"start":{"line":85,"column":0},"end":{"line":85,"column":57}},"85":{"start":{"line":86,"column":0},"end":{"line":86,"column":5}},"86":{"start":{"line":87,"column":0},"end":{"line":87,"column":1}}},"s":{"0":1,"1":1,"2":1,"4":1,"5":1,"6":1,"7":1,"8":2,"9":2,"10":2,"11":2,"12":2,"13":0,"14":0,"15":0,"16":2,"18":1,"19":1,"20":1,"21":1,"22":0,"23":0,"24":0,"25":0,"26":0,"27":0,"28":0,"29":0,"30":0,"32":1,"33":1,"34":1,"35":1,"36":5,"37":5,"38":5,"39":5,"40":5,"41":0,"42":0,"43":0,"44":5,"46":1,"47":1,"48":1,"49":1,"50":0,"51":0,"52":0,"53":0,"54":0,"55":0,"56":0,"57":0,"58":0,"61":1,"62":1,"63":1,"64":1,"65":0,"66":0,"67":0,"68":0,"69":0,"70":0,"71":0,"72":0,"73":0,"75":1,"76":2,"77":2,"78":2,"80":1,"81":1,"82":2,"83":0,"84":0,"85":0,"86":2},"branchMap":{"0":{"type":"branch","line":8,"loc":{"start":{"line":8,"column":32},"end":{"line":17,"column":1}},"locations":[{"start":{"line":8,"column":32},"end":{"line":17,"column":1}}]},"1":{"type":"branch","line":10,"loc":{"start":{"line":10,"column":40},"end":{"line":10,"column":68}},"locations":[{"start":{"line":10,"column":40},"end":{"line":10,"column":68}}]},"2":{"type":"branch","line":10,"loc":{"start":{"line":10,"column":69},"end":{"line":10,"column":75}},"locations":[{"start":{"line":10,"column":69},"end":{"line":10,"column":75}}]},"3":{"type":"branch","line":13,"loc":{"start":{"line":13,"column":6},"end":{"line":16,"column":5}},"locations":[{"start":{"line":13,"column":6},"end":{"line":16,"column":5}}]},"4":{"type":"branch","line":36,"loc":{"start":{"line":36,"column":26},"end":{"line":45,"column":1}},"locations":[{"start":{"line":36,"column":26},"end":{"line":45,"column":1}}]},"5":{"type":"branch","line":41,"loc":{"start":{"line":41,"column":6},"end":{"line":44,"column":5}},"locations":[{"start":{"line":41,"column":6},"end":{"line":44,"column":5}}]},"6":{"type":"branch","line":76,"loc":{"start":{"line":76,"column":32},"end":{"line":87,"column":1}},"locations":[{"start":{"line":76,"column":32},"end":{"line":87,"column":1}}]},"7":{"type":"branch","line":79,"loc":{"start":{"line":79,"column":19},"end":{"line":83,"column":6}},"locations":[{"start":{"line":79,"column":19},"end":{"line":83,"column":6}}]},"8":{"type":"branch","line":83,"loc":{"start":{"line":83,"column":6},"end":{"line":86,"column":5}},"locations":[{"start":{"line":83,"column":6},"end":{"line":86,"column":5}}]}},"b":{"0":[2],"1":[1],"2":[1],"3":[0],"4":[5],"5":[0],"6":[2],"7":[1],"8":[0]},"fnMap":{"0":{"name":"listVisiblePages","decl":{"start":{"line":8,"column":32},"end":{"line":17,"column":1}},"loc":{"start":{"line":8,"column":32},"end":{"line":17,"column":1}},"line":8},"1":{"name":"getPageById","decl":{"start":{"line":22,"column":27},"end":{"line":31,"column":1}},"loc":{"start":{"line":22,"column":27},"end":{"line":31,"column":1}},"line":22},"2":{"name":"createPage","decl":{"start":{"line":36,"column":26},"end":{"line":45,"column":1}},"loc":{"start":{"line":36,"column":26},"end":{"line":45,"column":1}},"line":36},"3":{"name":"updatePage","decl":{"start":{"line":50,"column":26},"end":{"line":59,"column":1}},"loc":{"start":{"line":50,"column":26},"end":{"line":59,"column":1}},"line":50},"4":{"name":"deletePage","decl":{"start":{"line":65,"column":26},"end":{"line":74,"column":1}},"loc":{"start":{"line":65,"column":26},"end":{"line":74,"column":1}},"line":65},"5":{"name":"getPagesByMenuId","decl":{"start":{"line":76,"column":32},"end":{"line":87,"column":1}},"loc":{"start":{"line":76,"column":32},"end":{"line":87,"column":1}},"line":76}},"f":{"0":2,"1":0,"2":5,"3":0,"4":0,"5":2}}
,"C:\\dockerCesizen\\api\\controllers\\userController.js": {"path":"C:\\dockerCesizen\\api\\controllers\\userController.js","all":false,"statementMap":{"0":{"start":{"line":1,"column":0},"end":{"line":1,"column":66}},"1":{"start":{"line":2,"column":0},"end":{"line":2,"column":45}},"2":{"start":{"line":3,"column":0},"end":{"line":3,"column":58}},"3":{"start":{"line":4,"column":0},"end":{"line":4,"column":29}},"6":{"start":{"line":7,"column":0},"end":{"line":7,"column":3}},"7":{"start":{"line":8,"column":0},"end":{"line":8,"column":16}},"8":{"start":{"line":9,"column":0},"end":{"line":9,"column":49}},"9":{"start":{"line":10,"column":0},"end":{"line":10,"column":3}},"10":{"start":{"line":11,"column":0},"end":{"line":11,"column":46}},"11":{"start":{"line":12,"column":0},"end":{"line":12,"column":9}},"12":{"start":{"line":13,"column":0},"end":{"line":13,"column":52}},"13":{"start":{"line":14,"column":0},"end":{"line":14,"column":23}},"14":{"start":{"line":15,"column":0},"end":{"line":15,"column":21}},"15":{"start":{"line":16,"column":0},"end":{"line":16,"column":28}},"16":{"start":{"line":17,"column":0},"end":{"line":17,"column":90}},"17":{"start":{"line":18,"column":0},"end":{"line":18,"column":5}},"18":{"start":{"line":19,"column":0},"end":{"line":19,"column":1}},"20":{"start":{"line":21,"column":0},"end":{"line":21,"column":3}},"21":{"start":{"line":22,"column":0},"end":{"line":22,"column":20}},"22":{"start":{"line":23,"column":0},"end":{"line":23,"column":3}},"23":{"start":{"line":24,"column":0},"end":{"line":24,"column":48}},"24":{"start":{"line":25,"column":0},"end":{"line":25,"column":9}},"25":{"start":{"line":26,"column":0},"end":{"line":26,"column":65}},"26":{"start":{"line":27,"column":0},"end":{"line":27,"column":83}},"27":{"start":{"line":28,"column":0},"end":{"line":28,"column":22}},"28":{"start":{"line":29,"column":0},"end":{"line":29,"column":21}},"29":{"start":{"line":30,"column":0},"end":{"line":30,"column":28}},"30":{"start":{"line":31,"column":0},"end":{"line":31,"column":90}},"31":{"start":{"line":32,"column":0},"end":{"line":32,"column":5}},"32":{"start":{"line":33,"column":0},"end":{"line":33,"column":1}},"34":{"start":{"line":35,"column":0},"end":{"line":35,"column":3}},"35":{"start":{"line":36,"column":0},"end":{"line":36,"column":24}},"36":{"start":{"line":37,"column":0},"end":{"line":37,"column":49}},"37":{"start":{"line":38,"column":0},"end":{"line":38,"column":3}},"38":{"start":{"line":39,"column":0},"end":{"line":39,"column":50}},"39":{"start":{"line":40,"column":0},"end":{"line":40,"column":61}},"40":{"start":{"line":41,"column":0},"end":{"line":41,"column":31}},"42":{"start":{"line":43,"column":0},"end":{"line":43,"column":44}},"43":{"start":{"line":44,"column":0},"end":{"line":44,"column":77}},"44":{"start":{"line":45,"column":0},"end":{"line":45,"column":5}},"46":{"start":{"line":47,"column":0},"end":{"line":47,"column":9}},"47":{"start":{"line":48,"column":0},"end":{"line":48,"column":59}},"49":{"start":{"line":50,"column":0},"end":{"line":50,"column":49}},"50":{"start":{"line":51,"column":0},"end":{"line":51,"column":66}},"51":{"start":{"line":52,"column":0},"end":{"line":52,"column":50}},"52":{"start":{"line":53,"column":0},"end":{"line":53,"column":9}},"54":{"start":{"line":55,"column":0},"end":{"line":55,"column":77}},"55":{"start":{"line":56,"column":0},"end":{"line":56,"column":29}},"56":{"start":{"line":57,"column":0},"end":{"line":57,"column":21}},"57":{"start":{"line":58,"column":0},"end":{"line":58,"column":28}},"58":{"start":{"line":59,"column":0},"end":{"line":59,"column":82}},"59":{"start":{"line":60,"column":0},"end":{"line":60,"column":5}},"60":{"start":{"line":61,"column":0},"end":{"line":61,"column":1}},"62":{"start":{"line":63,"column":0},"end":{"line":63,"column":3}},"63":{"start":{"line":64,"column":0},"end":{"line":64,"column":20}},"64":{"start":{"line":65,"column":0},"end":{"line":65,"column":47}},"65":{"start":{"line":66,"column":0},"end":{"line":66,"column":3}},"66":{"start":{"line":67,"column":0},"end":{"line":67,"column":47}},"67":{"start":{"line":68,"column":0},"end":{"line":68,"column":9}},"68":{"start":{"line":69,"column":0},"end":{"line":69,"column":51}},"69":{"start":{"line":70,"column":0},"end":{"line":70,"column":73}},"70":{"start":{"line":71,"column":0},"end":{"line":71,"column":25}},"71":{"start":{"line":72,"column":0},"end":{"line":72,"column":19}},"72":{"start":{"line":73,"column":0},"end":{"line":73,"column":26}},"73":{"start":{"line":74,"column":0},"end":{"line":74,"column":90}},"74":{"start":{"line":75,"column":0},"end":{"line":75,"column":5}},"75":{"start":{"line":76,"column":0},"end":{"line":76,"column":1}},"77":{"start":{"line":78,"column":0},"end":{"line":78,"column":3}},"78":{"start":{"line":79,"column":0},"end":{"line":79,"column":27}},"79":{"start":{"line":80,"column":0},"end":{"line":80,"column":3}},"80":{"start":{"line":81,"column":0},"end":{"line":81,"column":51}},"81":{"start":{"line":82,"column":0},"end":{"line":82,"column":29}},"82":{"start":{"line":83,"column":0},"end":{"line":83,"column":29}},"84":{"start":{"line":85,"column":0},"end":{"line":85,"column":44}},"85":{"start":{"line":86,"column":0},"end":{"line":86,"column":63}},"86":{"start":{"line":87,"column":0},"end":{"line":87,"column":5}},"88":{"start":{"line":89,"column":0},"end":{"line":89,"column":9}},"89":{"start":{"line":90,"column":0},"end":{"line":90,"column":69}},"90":{"start":{"line":91,"column":0},"end":{"line":91,"column":29}},"91":{"start":{"line":92,"column":0},"end":{"line":92,"column":21}},"92":{"start":{"line":93,"column":0},"end":{"line":93,"column":28}},"93":{"start":{"line":94,"column":0},"end":{"line":94,"column":76}},"94":{"start":{"line":95,"column":0},"end":{"line":95,"column":5}},"95":{"start":{"line":96,"column":0},"end":{"line":96,"column":1}},"97":{"start":{"line":98,"column":0},"end":{"line":98,"column":3}},"98":{"start":{"line":99,"column":0},"end":{"line":99,"column":29}},"99":{"start":{"line":100,"column":0},"end":{"line":100,"column":3}},"100":{"start":{"line":101,"column":0},"end":{"line":101,"column":59}},"101":{"start":{"line":102,"column":0},"end":{"line":102,"column":29}},"102":{"start":{"line":103,"column":0},"end":{"line":103,"column":31}},"104":{"start":{"line":105,"column":0},"end":{"line":105,"column":38}},"105":{"start":{"line":106,"column":0},"end":{"line":106,"column":89}},"106":{"start":{"line":107,"column":0},"end":{"line":107,"column":5}},"108":{"start":{"line":109,"column":0},"end":{"line":109,"column":9}},"109":{"start":{"line":110,"column":0},"end":{"line":110,"column":70}},"110":{"start":{"line":111,"column":0},"end":{"line":111,"column":29}},"111":{"start":{"line":112,"column":0},"end":{"line":112,"column":21}},"112":{"start":{"line":113,"column":0},"end":{"line":113,"column":28}},"113":{"start":{"line":114,"column":0},"end":{"line":114,"column":92}},"114":{"start":{"line":115,"column":0},"end":{"line":115,"column":5}},"115":{"start":{"line":116,"column":0},"end":{"line":116,"column":1}},"117":{"start":{"line":118,"column":0},"end":{"line":118,"column":3}},"118":{"start":{"line":119,"column":0},"end":{"line":119,"column":24}},"119":{"start":{"line":120,"column":0},"end":{"line":120,"column":3}},"120":{"start":{"line":121,"column":0},"end":{"line":121,"column":50}},"121":{"start":{"line":122,"column":0},"end":{"line":122,"column":9}},"122":{"start":{"line":123,"column":0},"end":{"line":123,"column":65}},"123":{"start":{"line":124,"column":0},"end":{"line":124,"column":20}},"124":{"start":{"line":125,"column":0},"end":{"line":125,"column":76}},"125":{"start":{"line":126,"column":0},"end":{"line":126,"column":9}},"127":{"start":{"line":128,"column":0},"end":{"line":128,"column":66}},"128":{"start":{"line":129,"column":0},"end":{"line":129,"column":23}},"129":{"start":{"line":130,"column":0},"end":{"line":130,"column":83}},"130":{"start":{"line":131,"column":0},"end":{"line":131,"column":9}},"132":{"start":{"line":133,"column":0},"end":{"line":133,"column":30}},"133":{"start":{"line":134,"column":0},"end":{"line":134,"column":21}},"134":{"start":{"line":135,"column":0},"end":{"line":135,"column":28}},"135":{"start":{"line":136,"column":0},"end":{"line":136,"column":82}},"136":{"start":{"line":137,"column":0},"end":{"line":137,"column":5}},"137":{"start":{"line":138,"column":0},"end":{"line":138,"column":1}},"139":{"start":{"line":140,"column":0},"end":{"line":140,"column":3}},"140":{"start":{"line":141,"column":0},"end":{"line":141,"column":39}},"141":{"start":{"line":142,"column":0},"end":{"line":142,"column":85}},"142":{"start":{"line":143,"column":0},"end":{"line":143,"column":3}},"143":{"start":{"line":144,"column":0},"end":{"line":144,"column":51}},"144":{"start":{"line":145,"column":0},"end":{"line":145,"column":9}},"145":{"start":{"line":146,"column":0},"end":{"line":146,"column":63}},"146":{"start":{"line":147,"column":0},"end":{"line":147,"column":63}},"148":{"start":{"line":149,"column":0},"end":{"line":149,"column":20}},"149":{"start":{"line":150,"column":0},"end":{"line":150,"column":76}},"150":{"start":{"line":151,"column":0},"end":{"line":151,"column":9}},"152":{"start":{"line":153,"column":0},"end":{"line":153,"column":56}},"153":{"start":{"line":154,"column":0},"end":{"line":154,"column":57}},"155":{"start":{"line":156,"column":0},"end":{"line":156,"column":37}},"156":{"start":{"line":157,"column":0},"end":{"line":157,"column":21}},"157":{"start":{"line":158,"column":0},"end":{"line":158,"column":65}},"158":{"start":{"line":159,"column":0},"end":{"line":159,"column":57}},"159":{"start":{"line":160,"column":0},"end":{"line":160,"column":5}},"160":{"start":{"line":161,"column":0},"end":{"line":161,"column":1}}},"s":{"0":1,"1":1,"2":1,"3":1,"6":1,"7":1,"8":1,"9":1,"10":1,"11":1,"12":1,"13":1,"14":1,"15":0,"16":0,"17":0,"18":1,"20":1,"21":1,"22":1,"23":1,"24":6,"25":6,"26":6,"27":4,"28":6,"29":0,"30":0,"31":0,"32":6,"34":1,"35":1,"36":1,"37":1,"38":1,"39":3,"40":3,"42":3,"43":1,"44":1,"46":2,"47":2,"49":3,"50":1,"51":1,"52":1,"54":2,"55":2,"56":3,"57":0,"58":0,"59":0,"60":3,"62":1,"63":1,"64":1,"65":1,"66":1,"67":1,"68":1,"69":1,"70":1,"71":1,"72":0,"73":0,"74":0,"75":1,"77":1,"78":1,"79":1,"80":1,"81":2,"82":2,"84":2,"85":1,"86":1,"88":1,"89":1,"90":1,"91":2,"92":0,"93":0,"94":0,"95":2,"97":1,"98":1,"99":1,"100":1,"101":2,"102":2,"104":2,"105":1,"106":1,"108":1,"109":1,"110":1,"111":2,"112":0,"113":0,"114":0,"115":2,"117":1,"118":1,"119":1,"120":1,"121":2,"122":2,"123":2,"124":1,"125":1,"127":1,"128":2,"129":0,"130":0,"132":1,"133":2,"134":0,"135":0,"136":0,"137":2,"139":1,"140":1,"141":1,"142":1,"143":1,"144":2,"145":2,"146":2,"148":2,"149":0,"150":0,"152":2,"153":2,"155":2,"156":2,"157":0,"158":0,"159":0,"160":2},"branchMap":{"0":{"type":"branch","line":11,"loc":{"start":{"line":11,"column":25},"end":{"line":19,"column":1}},"locations":[{"start":{"line":11,"column":25},"end":{"line":19,"column":1}}]},"1":{"type":"branch","line":15,"loc":{"start":{"line":15,"column":6},"end":{"line":18,"column":5}},"locations":[{"start":{"line":15,"column":6},"end":{"line":18,"column":5}}]},"2":{"type":"branch","line":24,"loc":{"start":{"line":24,"column":27},"end":{"line":33,"column":1}},"locations":[{"start":{"line":24,"column":27},"end":{"line":33,"column":1}}]},"3":{"type":"branch","line":27,"loc":{"start":{"line":27,"column":19},"end":{"line":27,"column":83}},"locations":[{"start":{"line":27,"column":19},"end":{"line":27,"column":83}}]},"4":{"type":"branch","line":27,"loc":{"start":{"line":27,"column":82},"end":{"line":29,"column":6}},"locations":[{"start":{"line":27,"column":82},"end":{"line":29,"column":6}}]},"5":{"type":"branch","line":29,"loc":{"start":{"line":29,"column":6},"end":{"line":32,"column":5}},"locations":[{"start":{"line":29,"column":6},"end":{"line":32,"column":5}}]},"6":{"type":"branch","line":39,"loc":{"start":{"line":39,"column":29},"end":{"line":61,"column":1}},"locations":[{"start":{"line":39,"column":29},"end":{"line":61,"column":1}}]},"7":{"type":"branch","line":43,"loc":{"start":{"line":43,"column":19},"end":{"line":43,"column":31}},"locations":[{"start":{"line":43,"column":19},"end":{"line":43,"column":31}}]},"8":{"type":"branch","line":43,"loc":{"start":{"line":43,"column":32},"end":{"line":43,"column":41}},"locations":[{"start":{"line":43,"column":32},"end":{"line":43,"column":41}}]},"9":{"type":"branch","line":43,"loc":{"start":{"line":43,"column":43},"end":{"line":45,"column":5}},"locations":[{"start":{"line":43,"column":43},"end":{"line":45,"column":5}}]},"10":{"type":"branch","line":45,"loc":{"start":{"line":45,"column":4},"end":{"line":50,"column":21}},"locations":[{"start":{"line":45,"column":4},"end":{"line":50,"column":21}}]},"11":{"type":"branch","line":50,"loc":{"start":{"line":50,"column":21},"end":{"line":50,"column":46}},"locations":[{"start":{"line":50,"column":21},"end":{"line":50,"column":46}}]},"12":{"type":"branch","line":50,"loc":{"start":{"line":50,"column":48},"end":{"line":53,"column":9}},"locations":[{"start":{"line":50,"column":48},"end":{"line":53,"column":9}}]},"13":{"type":"branch","line":53,"loc":{"start":{"line":53,"column":8},"end":{"line":57,"column":6}},"locations":[{"start":{"line":53,"column":8},"end":{"line":57,"column":6}}]},"14":{"type":"branch","line":57,"loc":{"start":{"line":57,"column":6},"end":{"line":60,"column":5}},"locations":[{"start":{"line":57,"column":6},"end":{"line":60,"column":5}}]},"15":{"type":"branch","line":67,"loc":{"start":{"line":67,"column":26},"end":{"line":76,"column":1}},"locations":[{"start":{"line":67,"column":26},"end":{"line":76,"column":1}}]},"16":{"type":"branch","line":72,"loc":{"start":{"line":72,"column":6},"end":{"line":75,"column":5}},"locations":[{"start":{"line":72,"column":6},"end":{"line":75,"column":5}}]},"17":{"type":"branch","line":81,"loc":{"start":{"line":81,"column":30},"end":{"line":96,"column":1}},"locations":[{"start":{"line":81,"column":30},"end":{"line":96,"column":1}}]},"18":{"type":"branch","line":85,"loc":{"start":{"line":85,"column":43},"end":{"line":92,"column":6}},"locations":[{"start":{"line":85,"column":43},"end":{"line":92,"column":6}}]},"19":{"type":"branch","line":92,"loc":{"start":{"line":92,"column":6},"end":{"line":95,"column":5}},"locations":[{"start":{"line":92,"column":6},"end":{"line":95,"column":5}}]},"20":{"type":"branch","line":101,"loc":{"start":{"line":101,"column":38},"end":{"line":116,"column":1}},"locations":[{"start":{"line":101,"column":38},"end":{"line":116,"column":1}}]},"21":{"type":"branch","line":105,"loc":{"start":{"line":105,"column":37},"end":{"line":112,"column":6}},"locations":[{"start":{"line":105,"column":37},"end":{"line":112,"column":6}}]},"22":{"type":"branch","line":112,"loc":{"start":{"line":112,"column":6},"end":{"line":115,"column":5}},"locations":[{"start":{"line":112,"column":6},"end":{"line":115,"column":5}}]},"23":{"type":"branch","line":121,"loc":{"start":{"line":121,"column":29},"end":{"line":138,"column":1}},"locations":[{"start":{"line":121,"column":29},"end":{"line":138,"column":1}}]},"24":{"type":"branch","line":124,"loc":{"start":{"line":124,"column":19},"end":{"line":129,"column":22}},"locations":[{"start":{"line":124,"column":19},"end":{"line":129,"column":22}}]},"25":{"type":"branch","line":129,"loc":{"start":{"line":129,"column":22},"end":{"line":131,"column":9}},"locations":[{"start":{"line":129,"column":22},"end":{"line":131,"column":9}}]},"26":{"type":"branch","line":131,"loc":{"start":{"line":131,"column":8},"end":{"line":134,"column":6}},"locations":[{"start":{"line":131,"column":8},"end":{"line":134,"column":6}}]},"27":{"type":"branch","line":134,"loc":{"start":{"line":134,"column":6},"end":{"line":137,"column":5}},"locations":[{"start":{"line":134,"column":6},"end":{"line":137,"column":5}}]},"28":{"type":"branch","line":144,"loc":{"start":{"line":144,"column":30},"end":{"line":161,"column":1}},"locations":[{"start":{"line":144,"column":30},"end":{"line":161,"column":1}}]},"29":{"type":"branch","line":149,"loc":{"start":{"line":149,"column":19},"end":{"line":151,"column":9}},"locations":[{"start":{"line":149,"column":19},"end":{"line":151,"column":9}}]},"30":{"type":"branch","line":157,"loc":{"start":{"line":157,"column":6},"end":{"line":160,"column":5}},"locations":[{"start":{"line":157,"column":6},"end":{"line":160,"column":5}}]}},"b":{"0":[1],"1":[0],"2":[6],"3":[2],"4":[4],"5":[0],"6":[3],"7":[2],"8":[2],"9":[1],"10":[2],"11":[1],"12":[1],"13":[2],"14":[0],"15":[1],"16":[0],"17":[2],"18":[1],"19":[0],"20":[2],"21":[1],"22":[0],"23":[2],"24":[1],"25":[0],"26":[1],"27":[0],"28":[2],"29":[0],"30":[0]},"fnMap":{"0":{"name":"listUsers","decl":{"start":{"line":11,"column":25},"end":{"line":19,"column":1}},"loc":{"start":{"line":11,"column":25},"end":{"line":19,"column":1}},"line":11},"1":{"name":"getUserById","decl":{"start":{"line":24,"column":27},"end":{"line":33,"column":1}},"loc":{"start":{"line":24,"column":27},"end":{"line":33,"column":1}},"line":24},"2":{"name":"updateProfile","decl":{"start":{"line":39,"column":29},"end":{"line":61,"column":1}},"loc":{"start":{"line":39,"column":29},"end":{"line":61,"column":1}},"line":39},"3":{"name":"updateUser","decl":{"start":{"line":67,"column":26},"end":{"line":76,"column":1}},"loc":{"start":{"line":67,"column":26},"end":{"line":76,"column":1}},"line":67},"4":{"name":"changeUserRole","decl":{"start":{"line":81,"column":30},"end":{"line":96,"column":1}},"loc":{"start":{"line":81,"column":30},"end":{"line":96,"column":1}},"line":81},"5":{"name":"updateUserActiveStatus","decl":{"start":{"line":101,"column":38},"end":{"line":116,"column":1}},"loc":{"start":{"line":101,"column":38},"end":{"line":116,"column":1}},"line":101},"6":{"name":"removeAccount","decl":{"start":{"line":121,"column":29},"end":{"line":138,"column":1}},"loc":{"start":{"line":121,"column":29},"end":{"line":138,"column":1}},"line":121},"7":{"name":"getUserProfile","decl":{"start":{"line":144,"column":30},"end":{"line":161,"column":1}},"loc":{"start":{"line":144,"column":30},"end":{"line":161,"column":1}},"line":144}},"f":{"0":1,"1":6,"2":3,"3":1,"4":2,"5":2,"6":2,"7":2}}
,"C:\\dockerCesizen\\api\\database\\db.js": {"path":"C:\\dockerCesizen\\api\\database\\db.js","all":false,"statementMap":{"1":{"start":{"line":2,"column":0},"end":{"line":2,"column":35}},"2":{"start":{"line":3,"column":0},"end":{"line":3,"column":32}},"5":{"start":{"line":6,"column":0},"end":{"line":6,"column":60}},"6":{"start":{"line":7,"column":0},"end":{"line":7,"column":34}},"7":{"start":{"line":8,"column":0},"end":{"line":8,"column":8}},"8":{"start":{"line":9,"column":0},"end":{"line":9,"column":13}},"9":{"start":{"line":10,"column":0},"end":{"line":10,"column":1}},"11":{"start":{"line":12,"column":0},"end":{"line":12,"column":31}},"12":{"start":{"line":13,"column":0},"end":{"line":13,"column":45}},"13":{"start":{"line":14,"column":0},"end":{"line":14,"column":69}},"14":{"start":{"line":15,"column":0},"end":{"line":15,"column":40}},"15":{"start":{"line":16,"column":0},"end":{"line":16,"column":44}},"16":{"start":{"line":17,"column":0},"end":{"line":17,"column":47}},"17":{"start":{"line":18,"column":0},"end":{"line":18,"column":29}},"18":{"start":{"line":19,"column":0},"end":{"line":19,"column":24}},"19":{"start":{"line":20,"column":0},"end":{"line":20,"column":17}},"20":{"start":{"line":21,"column":0},"end":{"line":21,"column":3}},"22":{"start":{"line":23,"column":0},"end":{"line":23,"column":20}}},"s":{"1":1,"2":1,"5":1,"6":1,"7":0,"8":0,"9":0,"11":1,"12":1,"13":1,"14":1,"15":1,"16":1,"17":1,"18":1,"19":1,"20":1,"22":1},"branchMap":{"0":{"type":"branch","line":6,"loc":{"start":{"line":6,"column":29},"end":{"line":6,"column":59}},"locations":[{"start":{"line":6,"column":29},"end":{"line":6,"column":59}}]},"1":{"type":"branch","line":8,"loc":{"start":{"line":8,"column":0},"end":{"line":10,"column":1}},"locations":[{"start":{"line":8,"column":0},"end":{"line":10,"column":1}}]},"2":{"type":"branch","line":13,"loc":{"start":{"line":13,"column":22},"end":{"line":13,"column":45}},"locations":[{"start":{"line":13,"column":22},"end":{"line":13,"column":45}}]},"3":{"type":"branch","line":14,"loc":{"start":{"line":14,"column":60},"end":{"line":14,"column":69}},"locations":[{"start":{"line":14,"column":60},"end":{"line":14,"column":69}}]},"4":{"type":"branch","line":15,"loc":{"start":{"line":15,"column":22},"end":{"line":15,"column":40}},"locations":[{"start":{"line":15,"column":22},"end":{"line":15,"column":40}}]},"5":{"type":"branch","line":16,"loc":{"start":{"line":16,"column":26},"end":{"line":16,"column":44}},"locations":[{"start":{"line":16,"column":26},"end":{"line":16,"column":44}}]},"6":{"type":"branch","line":17,"loc":{"start":{"line":17,"column":26},"end":{"line":17,"column":47}},"locations":[{"start":{"line":17,"column":26},"end":{"line":17,"column":47}}]}},"b":{"0":[0],"1":[0],"2":[0],"3":[0],"4":[0],"5":[0],"6":[0]},"fnMap":{},"f":{}}
[...]
h","line":35,"loc":{"start":{"line":35,"column":4},"end":{"line":44,"column":5}},"locations":[{"start":{"line":35,"column":4},"end":{"line":44,"column":5}}]},"10":{"type":"branch","line":39,"loc":{"start":{"line":39,"column":23},"end":{"line":39,"column":38}},"locations":[{"start":{"line":39,"column":23},"end":{"line":39,"column":38}}]},"11":{"type":"branch","line":39,"loc":{"start":{"line":39,"column":39},"end":{"line":39,"column":45}},"locations":[{"start":{"line":39,"column":39},"end":{"line":39,"column":45}}]},"12":{"type":"branch","line":40,"loc":{"start":{"line":40,"column":10},"end":{"line":43,"column":9}},"locations":[{"start":{"line":40,"column":10},"end":{"line":43,"column":9}}]},"13":{"type":"branch","line":46,"loc":{"start":{"line":46,"column":4},"end":{"line":63,"column":5}},"locations":[{"start":{"line":46,"column":4},"end":{"line":63,"column":5}}]},"14":{"type":"branch","line":57,"loc":{"start":{"line":57,"column":14},"end":{"line":59,"column":10}},"locations":[{"start":{"line":57,"column":14},"end":{"line":59,"column":10}}]},"15":{"type":"branch","line":59,"loc":{"start":{"line":59,"column":10},"end":{"line":62,"column":9}},"locations":[{"start":{"line":59,"column":10},"end":{"line":62,"column":9}}]},"16":{"type":"branch","line":65,"loc":{"start":{"line":65,"column":4},"end":{"line":79,"column":5}},"locations":[{"start":{"line":65,"column":4},"end":{"line":79,"column":5}}]},"17":{"type":"branch","line":75,"loc":{"start":{"line":75,"column":10},"end":{"line":78,"column":9}},"locations":[{"start":{"line":75,"column":10},"end":{"line":78,"column":9}}]},"18":{"type":"branch","line":69,"loc":{"start":{"line":69,"column":39},"end":{"line":69,"column":54}},"locations":[{"start":{"line":69,"column":39},"end":{"line":69,"column":54}}]},"19":{"type":"branch","line":81,"loc":{"start":{"line":81,"column":4},"end":{"line":89,"column":5}},"locations":[{"start":{"line":81,"column":4},"end":{"line":89,"column":5}}]},"20":{"type":"branch","line":85,"loc":{"start":{"line":85,"column":10},"end":{"line":88,"column":9}},"locations":[{"start":{"line":85,"column":10},"end":{"line":88,"column":9}}]},"21":{"type":"branch","line":91,"loc":{"start":{"line":91,"column":4},"end":{"line":101,"column":5}},"locations":[{"start":{"line":91,"column":4},"end":{"line":101,"column":5}}]},"22":{"type":"branch","line":95,"loc":{"start":{"line":95,"column":19},"end":{"line":95,"column":22}},"locations":[{"start":{"line":95,"column":19},"end":{"line":95,"column":22}}]},"23":{"type":"branch","line":97,"loc":{"start":{"line":97,"column":10},"end":{"line":100,"column":9}},"locations":[{"start":{"line":97,"column":10},"end":{"line":100,"column":9}}]},"24":{"type":"branch","line":103,"loc":{"start":{"line":103,"column":4},"end":{"line":113,"column":5}},"locations":[{"start":{"line":103,"column":4},"end":{"line":113,"column":5}}]},"25":{"type":"branch","line":109,"loc":{"start":{"line":109,"column":10},"end":{"line":112,"column":9}},"locations":[{"start":{"line":109,"column":10},"end":{"line":112,"column":9}}]}},"b":{"0":[1],"1":[0],"2":[2],"3":[0],"4":[2],"5":[204],"6":[201],"7":[3],"8":[0],"9":[10],"10":[8],"11":[2],"12":[0],"13":[114],"14":[113],"15":[1],"16":[3],"17":[0],"18":[12],"19":[1],"20":[0],"21":[1],"22":[0],"23":[0],"24":[1],"25":[0]},"fnMap":{"0":{"name":"findAll","decl":{"start":{"line":5,"column":4},"end":{"line":22,"column":5}},"loc":{"start":{"line":5,"column":4},"end":{"line":22,"column":5}},"line":5},"1":{"name":"findById","decl":{"start":{"line":24,"column":4},"end":{"line":33,"column":5}},"loc":{"start":{"line":24,"column":4},"end":{"line":33,"column":5}},"line":24},"2":{"name":"findByEmail","decl":{"start":{"line":35,"column":4},"end":{"line":44,"column":5}},"loc":{"start":{"line":35,"column":4},"end":{"line":44,"column":5}},"line":35},"3":{"name":"create","decl":{"start":{"line":46,"column":4},"end":{"line":63,"column":5}},"loc":{"start":{"line":46,"column":4},"end":{"line":63,"column":5}},"line":46},"4":{"name":"update","decl":{"start":{"line":65,"column":4},"end":{"line":79,"column":5}},"loc":{"start":{"line":65,"column":4},"end":{"line":79,"column":5}},"line":65},"5":{"name":"delete","decl":{"start":{"line":81,"column":4},"end":{"line":89,"column":5}},"loc":{"start":{"line":81,"column":4},"end":{"line":89,"column":5}},"line":81},"6":{"name":"setActive","decl":{"start":{"line":91,"column":4},"end":{"line":101,"column":5}},"loc":{"start":{"line":91,"column":4},"end":{"line":101,"column":5}},"line":91},"7":{"name":"updateRole","decl":{"start":{"line":103,"column":4},"end":{"line":113,"column":5}},"loc":{"start":{"line":103,"column":4},"end":{"line":113,"column":5}},"line":103}},"f":{"0":1,"1":204,"2":10,"3":114,"4":3,"5":1,"6":1,"7":1}}
,"C:\\dockerCesizen\\api\\routes\\authRoutes.js": {"path":"C:\\dockerCesizen\\api\\routes\\authRoutes.js","all":false,"statementMap":{"0":{"start":{"line":1,"column":0},"end":{"line":1,"column":30}},"1":{"start":{"line":2,"column":0},"end":{"line":2,"column":119}},"2":{"start":{"line":3,"column":0},"end":{"line":3,"column":69}},"4":{"start":{"line":5,"column":0},"end":{"line":5,"column":32}},"6":{"start":{"line":7,"column":0},"end":{"line":7,"column":35}},"7":{"start":{"line":8,"column":0},"end":{"line":8,"column":29}},"8":{"start":{"line":9,"column":0},"end":{"line":9,"column":66}},"9":{"start":{"line":10,"column":0},"end":{"line":10,"column":47}},"10":{"start":{"line":11,"column":0},"end":{"line":11,"column":58}},"13":{"start":{"line":14,"column":0},"end":{"line":14,"column":22}}},"s":{"0":1,"1":1,"2":1,"4":1,"6":1,"7":1,"8":1,"9":1,"10":1,"13":1},"branchMap":{},"b":{},"fnMap":{},"f":{}}
,"C:\\dockerCesizen\\api\\routes\\emotionRoutes.js": {"path":"C:\\dockerCesizen\\api\\routes\\emotionRoutes.js","all":false,"statementMap":{"0":{"start":{"line":1,"column":0},"end":{"line":1,"column":29}},"1":{"start":{"line":2,"column":0},"end":{"line":2,"column":8}},"9":{"start":{"line":10,"column":0},"end":{"line":10,"column":82}},"11":{"start":{"line":12,"column":0},"end":{"line":12,"column":31}},"13":{"start":{"line":14,"column":0},"end":{"line":14,"column":48}},"14":{"start":{"line":15,"column":0},"end":{"line":15,"column":53}},"15":{"start":{"line":16,"column":0},"end":{"line":16,"column":64}},"16":{"start":{"line":17,"column":0},"end":{"line":17,"column":66}},"17":{"start":{"line":18,"column":0},"end":{"line":18,"column":69}},"19":{"start":{"line":20,"column":0},"end":{"line":20,"column":21}}},"s":{"0":1,"1":1,"9":1,"11":1,"13":1,"14":1,"15":1,"16":1,"17":1,"19":1},"branchMap":{},"b":{},"fnMap":{},"f":{}}
,"C:\\dockerCesizen\\api\\routes\\entryRoutes.js": {"path":"C:\\dockerCesizen\\api\\routes\\entryRoutes.js","all":false,"statementMap":{"0":{"start":{"line":1,"column":0},"end":{"line":1,"column":29}},"1":{"start":{"line":2,"column":0},"end":{"line":2,"column":8}},"10":{"start":{"line":11,"column":0},"end":{"line":11,"column":68}},"12":{"start":{"line":13,"column":0},"end":{"line":13,"column":31}},"14":{"start":{"line":15,"column":0},"end":{"line":15,"column":57}},"15":{"start":{"line":16,"column":0},"end":{"line":16,"column":49}},"17":{"start":{"line":18,"column":0},"end":{"line":18,"column":37}},"18":{"start":{"line":19,"column":0},"end":{"line":19,"column":51}},"20":{"start":{"line":21,"column":0},"end":{"line":21,"column":31}},"21":{"start":{"line":22,"column":0},"end":{"line":22,"column":45}},"23":{"start":{"line":24,"column":0},"end":{"line":24,"column":35}},"24":{"start":{"line":25,"column":0},"end":{"line":25,"column":48}},"26":{"start":{"line":27,"column":0},"end":{"line":27,"column":27}},"27":{"start":{"line":28,"column":0},"end":{"line":28,"column":53}},"29":{"start":{"line":30,"column":0},"end":{"line":30,"column":47}},"30":{"start":{"line":31,"column":0},"end":{"line":31,"column":58}},"32":{"start":{"line":33,"column":0},"end":{"line":33,"column":21}}},"s":{"0":1,"1":1,"10":1,"12":1,"14":1,"15":1,"17":1,"18":1,"20":1,"21":1,"23":1,"24":1,"26":1,"27":1,"29":1,"30":1,"32":1},"branchMap":{},"b":{},"fnMap":{},"f":{}}
,"C:\\dockerCesizen\\api\\routes\\menuRoutes.js": {"path":"C:\\dockerCesizen\\api\\routes\\menuRoutes.js","all":false,"statementMap":{"0":{"start":{"line":1,"column":0},"end":{"line":1,"column":29}},"1":{"start":{"line":2,"column":0},"end":{"line":2,"column":8}},"9":{"start":{"line":10,"column":0},"end":{"line":10,"column":82}},"11":{"start":{"line":12,"column":0},"end":{"line":12,"column":31}},"13":{"start":{"line":14,"column":0},"end":{"line":14,"column":26}},"14":{"start":{"line":15,"column":0},"end":{"line":15,"column":31}},"15":{"start":{"line":16,"column":0},"end":{"line":16,"column":61}},"16":{"start":{"line":17,"column":0},"end":{"line":17,"column":63}},"17":{"start":{"line":18,"column":0},"end":{"line":18,"column":66}},"19":{"start":{"line":20,"column":0},"end":{"line":20,"column":21}}},"s":{"0":1,"1":1,"9":1,"11":1,"13":1,"14":1,"15":1,"16":1,"17":1,"19":1},"branchMap":{},"b":{},"fnMap":{},"f":{}}
,"C:\\dockerCesizen\\api\\routes\\pageRoutes.js": {"path":"C:\\dockerCesizen\\api\\routes\\pageRoutes.js","all":false,"statementMap":{"0":{"start":{"line":1,"column":0},"end":{"line":1,"column":29}},"1":{"start":{"line":2,"column":0},"end":{"line":2,"column":8}},"10":{"start":{"line":11,"column":0},"end":{"line":11,"column":82}},"12":{"start":{"line":13,"column":0},"end":{"line":13,"column":31}},"14":{"start":{"line":15,"column":0},"end":{"line":15,"column":33}},"15":{"start":{"line":16,"column":0},"end":{"line":16,"column":31}},"16":{"start":{"line":17,"column":0},"end":{"line":17,"column":61}},"17":{"start":{"line":18,"column":0},"end":{"line":18,"column":63}},"18":{"start":{"line":19,"column":0},"end":{"line":19,"column":66}},"19":{"start":{"line":20,"column":0},"end":{"line":20,"column":41}},"23":{"start":{"line":24,"column":0},"end":{"line":24,"column":21}}},"s":{"0":1,"1":1,"10":1,"12":1,"14":1,"15":1,"16":1,"17":1,"18":1,"19":1,"23":1},"branchMap":{},"b":{},"fnMap":{},"f":{}}
,"C:\\dockerCesizen\\api\\routes\\userRoutes.js": {"path":"C:\\dockerCesizen\\api\\routes\\userRoutes.js","all":false,"statementMap":{"0":{"start":{"line":1,"column":0},"end":{"line":1,"column":29}},"1":{"start":{"line":2,"column":0},"end":{"line":2,"column":8}},"12":{"start":{"line":13,"column":0},"end":{"line":13,"column":82}},"14":{"start":{"line":15,"column":0},"end":{"line":15,"column":31}},"16":{"start":{"line":17,"column":0},"end":{"line":17,"column":52}},"17":{"start":{"line":18,"column":0},"end":{"line":18,"column":59}},"18":{"start":{"line":19,"column":0},"end":{"line":19,"column":64}},"19":{"start":{"line":20,"column":0},"end":{"line":20,"column":56}},"20":{"start":{"line":21,"column":0},"end":{"line":21,"column":63}},"22":{"start":{"line":23,"column":0},"end":{"line":23,"column":74}},"23":{"start":{"line":24,"column":0},"end":{"line":24,"column":84}},"24":{"start":{"line":25,"column":0},"end":{"line":25,"column":69}},"26":{"start":{"line":27,"column":0},"end":{"line":27,"column":21}}},"s":{"0":1,"1":1,"12":1,"14":1,"16":1,"17":1,"18":1,"19":1,"20":1,"22":1,"23":1,"24":1,"26":1},"branchMap":{},"b":{},"fnMap":{},"f":{}}
,"C:\\dockerCesizen\\api\\utils\\jwt.js": {"path":"C:\\dockerCesizen\\api\\utils\\jwt.js","all":false,"statementMap":{"0":{"start":{"line":1,"column":0},"end":{"line":1,"column":30}},"2":{"start":{"line":3,"column":0},"end":{"line":3,"column":45}},"3":{"start":{"line":4,"column":0},"end":{"line":4,"column":54}},"5":{"start":{"line":6,"column":0},"end":{"line":6,"column":3}},"6":{"start":{"line":7,"column":0},"end":{"line":7,"column":48}},"7":{"start":{"line":8,"column":0},"end":{"line":8,"column":46}},"8":{"start":{"line":9,"column":0},"end":{"line":9,"column":71}},"9":{"start":{"line":10,"column":0},"end":{"line":10,"column":32}},"10":{"start":{"line":11,"column":0},"end":{"line":11,"column":3}},"11":{"start":{"line":12,"column":0},"end":{"line":12,"column":61}},"12":{"start":{"line":13,"column":0},"end":{"line":13,"column":51}},"13":{"start":{"line":14,"column":0},"end":{"line":14,"column":1}},"15":{"start":{"line":16,"column":0},"end":{"line":16,"column":3}},"16":{"start":{"line":17,"column":0},"end":{"line":17,"column":33}},"17":{"start":{"line":18,"column":0},"end":{"line":18,"column":50}},"18":{"start":{"line":19,"column":0},"end":{"line":19,"column":68}},"19":{"start":{"line":20,"column":0},"end":{"line":20,"column":3}},"20":{"start":{"line":21,"column":0},"end":{"line":21,"column":39}},"21":{"start":{"line":22,"column":0},"end":{"line":22,"column":9}},"22":{"start":{"line":23,"column":0},"end":{"line":23,"column":40}},"23":{"start":{"line":24,"column":0},"end":{"line":24,"column":19}},"24":{"start":{"line":25,"column":0},"end":{"line":25,"column":66}},"25":{"start":{"line":26,"column":0},"end":{"line":26,"column":51}},"26":{"start":{"line":27,"column":0},"end":{"line":27,"column":5}},"27":{"start":{"line":28,"column":0},"end":{"line":28,"column":1}}},"s":{"0":1,"2":1,"3":1,"5":1,"6":1,"7":1,"8":1,"9":1,"10":1,"11":1,"12":120,"13":120,"15":1,"16":1,"17":1,"18":1,"19":1,"20":1,"21":76,"22":76,"23":76,"24":2,"25":2,"26":2,"27":76},"branchMap":{"0":{"type":"branch","line":12,"loc":{"start":{"line":12,"column":29},"end":{"line":14,"column":1}},"locations":[{"start":{"line":12,"column":29},"end":{"line":14,"column":1}}]},"1":{"type":"branch","line":21,"loc":{"start":{"line":21,"column":27},"end":{"line":28,"column":1}},"locations":[{"start":{"line":21,"column":27},"end":{"line":28,"column":1}}]},"2":{"type":"branch","line":24,"loc":{"start":{"line":24,"column":6},"end":{"line":27,"column":5}},"locations":[{"start":{"line":24,"column":6},"end":{"line":27,"column":5}}]}},"b":{"0":[120],"1":[76],"2":[2]},"fnMap":{"0":{"name":"generateToken","decl":{"start":{"line":12,"column":29},"end":{"line":14,"column":1}},"loc":{"start":{"line":12,"column":29},"end":{"line":14,"column":1}},"line":12},"1":{"name":"verifyToken","decl":{"start":{"line":21,"column":27},"end":{"line":28,"column":1}},"loc":{"start":{"line":21,"column":27},"end":{"line":28,"column":1}},"line":21}},"f":{"0":120,"1":76}}
,"C:\\dockerCesizen\\api\\utils\\sanitize.js": {"path":"C:\\dockerCesizen\\api\\utils\\sanitize.js","all":false,"statementMap":{"0":{"start":{"line":1,"column":0},"end":{"line":1,"column":86}},"2":{"start":{"line":3,"column":0},"end":{"line":3,"column":43}},"3":{"start":{"line":4,"column":0},"end":{"line":4,"column":12}},"4":{"start":{"line":5,"column":0},"end":{"line":5,"column":32}},"5":{"start":{"line":6,"column":0},"end":{"line":6,"column":28}},"6":{"start":{"line":7,"column":0},"end":{"line":7,"column":36}},"7":{"start":{"line":8,"column":0},"end":{"line":8,"column":38}},"8":{"start":{"line":9,"column":0},"end":{"line":9,"column":67}},"9":{"start":{"line":10,"column":0},"end":{"line":10,"column":5}},"10":{"start":{"line":11,"column":0},"end":{"line":11,"column":1}},"12":{"start":{"line":13,"column":0},"end":{"line":13,"column":43}},"13":{"start":{"line":14,"column":0},"end":{"line":14,"column":12}},"14":{"start":{"line":15,"column":0},"end":{"line":15,"column":40}},"15":{"start":{"line":16,"column":0},"end":{"line":16,"column":38}},"16":{"start":{"line":17,"column":0},"end":{"line":17,"column":32}},"17":{"start":{"line":18,"column":0},"end":{"line":18,"column":73}},"18":{"start":{"line":19,"column":0},"end":{"line":19,"column":35}},"19":{"start":{"line":20,"column":0},"end":{"line":20,"column":5}},"20":{"start":{"line":21,"column":0},"end":{"line":21,"column":1}},"22":{"start":{"line":23,"column":0},"end":{"line":23,"column":43}},"23":{"start":{"line":24,"column":0},"end":{"line":24,"column":12}},"24":{"start":{"line":25,"column":0},"end":{"line":25,"column":32}},"25":{"start":{"line":26,"column":0},"end":{"line":26,"column":5}},"26":{"start":{"line":27,"column":0},"end":{"line":27,"column":1}},"28":{"start":{"line":29,"column":0},"end":{"line":29,"column":46}},"29":{"start":{"line":30,"column":0},"end":{"line":30,"column":12}},"30":{"start":{"line":31,"column":0},"end":{"line":31,"column":32}},"31":{"start":{"line":32,"column":0},"end":{"line":32,"column":38}},"32":{"start":{"line":33,"column":0},"end":{"line":33,"column":32}},"33":{"start":{"line":34,"column":0},"end":{"line":34,"column":5}},"34":{"start":{"line":35,"column":0},"end":{"line":35,"column":1}}},"s":{"0":1,"2":1,"3":5,"4":5,"5":5,"6":5,"7":5,"8":5,"9":5,"10":5,"12":1,"13":1,"14":1,"15":1,"16":1,"17":1,"18":1,"19":1,"20":1,"22":1,"23":10,"24":10,"25":10,"26":10,"28":1,"29":0,"30":0,"31":0,"32":0,"33":0,"34":0},"branchMap":{"0":{"type":"branch","line":3,"loc":{"start":{"line":3,"column":7},"end":{"line":11,"column":1}},"locations":[{"start":{"line":3,"column":7},"end":{"line":11,"column":1}}]},"1":{"type":"branch","line":5,"loc":{"start":{"line":5,"column":26},"end":{"line":5,"column":31}},"locations":[{"start":{"line":5,"column":26},"end":{"line":5,"column":31}}]},"2":{"type":"branch","line":6,"loc":{"start":{"line":6,"column":22},"end":{"line":6,"column":27}},"locations":[{"start":{"line":6,"column":22},"end":{"line":6,"column":27}}]},"3":{"type":"branch","line":7,"loc":{"start":{"line":7,"column":30},"end":{"line":7,"column":35}},"locations":[{"start":{"line":7,"column":30},"end":{"line":7,"column":35}}]},"4":{"type":"branch","line":8,"loc":{"start":{"line":8,"column":30},"end":{"line":8,"column":33}},"locations":[{"start":{"line":8,"column":30},"end":{"line":8,"column":33}}]},"5":{"type":"branch","line":8,"loc":{"start":{"line":8,"column":34},"end":{"line":8,"column":37}},"locations":[{"start":{"line":8,"column":34},"end":{"line":8,"column":37}}]},"6":{"type":"branch","line":9,"loc":{"start":{"line":9,"column":61},"end":{"line":9,"column":67}},"locations":[{"start":{"line":9,"column":61},"end":{"line":9,"column":67}}]},"7":{"type":"branch","line":13,"loc":{"start":{"line":13,"column":7},"end":{"line":21,"column":1}},"locations":[{"start":{"line":13,"column":7},"end":{"line":21,"column":1}}]},"8":{"type":"branch","line":15,"loc":{"start":{"line":15,"column":34},"end":{"line":15,"column":39}},"locations":[{"start":{"line":15,"column":34},"end":{"line":15,"column":39}}]},"9":{"type":"branch","line":16,"loc":{"start":{"line":16,"column":32},"end":{"line":16,"column":37}},"locations":[{"start":{"line":16,"column":32},"end":{"line":16,"column":37}}]},"10":{"type":"branch","line":17,"loc":{"start":{"line":17,"column":26},"end":{"line":17,"column":31}},"locations":[{"start":{"line":17,"column":26},"end":{"line":17,"column":31}}]},"11":{"type":"branch","line":18,"loc":{"start":{"line":18,"column":64},"end":{"line":18,"column":72}},"locations":[{"start":{"line":18,"column":64},"end":{"line":18,"column":72}}]},"12":{"type":"branch","line":19,"loc":{"start":{"line":19,"column":32},"end":{"line":19,"column":35}},"locations":[{"start":{"line":19,"column":32},"end":{"line":19,"column":35}}]},"13":{"type":"branch","line":23,"loc":{"start":{"line":23,"column":7},"end":{"line":27,"column":1}},"locations":[{"start":{"line":23,"column":7},"end":{"line":27,"column":1}}]},"14":{"type":"branch","line":25,"loc":{"start":{"line":25,"column":26},"end":{"line":25,"column":31}},"locations":[{"start":{"line":25,"column":26},"end":{"line":25,"column":31}}]}},"b":{"0":[5],"1":[0],"2":[0],"3":[0],"4":[4],"5":[1],"6":[0],"7":[1],"8":[0],"9":[0],"10":[0],"11":[0],"12":[0],"13":[10],"14":[0]},"fnMap":{"0":{"name":"sanitizePagePayload","decl":{"start":{"line":3,"column":7},"end":{"line":11,"column":1}},"loc":{"start":{"line":3,"column":7},"end":{"line":11,"column":1}},"line":3},"1":{"name":"sanitizeUserPayload","decl":{"start":{"line":13,"column":7},"end":{"line":21,"column":1}},"loc":{"start":{"line":13,"column":7},"end":{"line":21,"column":1}},"line":13},"2":{"name":"sanitizeMenuPayload","decl":{"start":{"line":23,"column":7},"end":{"line":27,"column":1}},"loc":{"start":{"line":23,"column":7},"end":{"line":27,"column":1}},"line":23},"3":{"name":"sanitizeEmotionPayload","decl":{"start":{"line":29,"column":7},"end":{"line":35,"column":1}},"loc":{"start":{"line":29,"column":7},"end":{"line":35,"column":1}},"line":29}},"f":{"0":5,"1":1,"2":10,"3":0}}
}
