TN:
SF:server.js
FN:1,(empty-report)
FNF:1
FNH:0
FNDA:0,(empty-report)
DA:1,0
DA:2,0
DA:3,0
DA:4,0
DA:6,0
DA:7,0
DA:8,0
DA:9,0
DA:10,0
DA:11,0
DA:12,0
DA:14,0
DA:16,0
DA:17,0
DA:18,0
DA:20,0
DA:21,0
DA:22,0
DA:23,0
DA:24,0
DA:25,0
DA:26,0
DA:27,0
DA:29,0
DA:30,0
DA:31,0
DA:32,0
DA:33,0
DA:34,0
DA:35,0
DA:38,0
DA:39,0
DA:41,0
DA:42,0
DA:43,0
DA:44,0
DA:46,0
DA:47,0
DA:48,0
DA:49,0
DA:50,0
DA:51,0
DA:52,0
DA:53,0
DA:55,0
LF:45
LH:0
BRDA:1,0,0,0
BRF:1
BRH:0
end_of_record
TN:
SF:vitest.config.js
FN:1,(empty-report)
FNF:1
FNH:0
FNDA:0,(empty-report)
DA:1,0
DA:3,0
DA:4,0
DA:5,0
DA:6,0
DA:7,0
DA:8,0
DA:9,0
DA:10,0
DA:11,0
DA:12,0
DA:13,0
DA:14,0
DA:15,0
DA:16,0
DA:17,0
DA:18,0
DA:19,0
DA:20,0
DA:21,0
DA:22,0
DA:23,0
DA:24,0
DA:25,0
DA:26,0
DA:27,0
DA:28,0
DA:29,0
DA:30,0
DA:31,0
DA:32,0
DA:33,0
LF:32
LH:0
BRDA:1,0,0,0
BRF:1
BRH:0
end_of_record
TN:
SF:controllers\authController.js
FN:7,register
FN:54,login
FN:77,resetPassword
FN:106,forgotPassword
FN:126,publicResetPassword
FNF:5
FNH:5
FNDA:115,register
FNDA:5,login
FNDA:2,resetPassword
FNDA:6,forgotPassword
FNDA:3,publicResetPassword
DA:1,1
DA:2,1
DA:3,1
DA:4,1
DA:6,1
DA:7,1
DA:8,115
DA:9,115
DA:11,115
DA:12,115
DA:13,1
DA:14,1
DA:15,1
DA:16,1
DA:18,114
DA:19,114
DA:21,114
DA:22,114
DA:23,114
DA:24,114
DA:25,114
DA:26,114
DA:27,115
DA:28,115
DA:30,113
DA:31,113
DA:33,113
DA:34,113
DA:36,113
DA:37,113
DA:38,113
DA:39,113
DA:41,115
DA:42,1
DA:43,1
DA:45,1
DA:46,1
DA:47,1
DA:49,0
DA:50,0
DA:51,115
DA:53,1
DA:54,1
DA:55,5
DA:57,5
DA:58,5
DA:59,5
DA:61,4
DA:62,5
DA:64,3
DA:66,3
DA:67,3
DA:69,3
DA:70,5
DA:71,0
DA:72,0
DA:73,0
DA:74,5
DA:76,1
DA:77,1
DA:78,2
DA:79,2
DA:81,2
DA:82,0
DA:83,0
DA:85,2
DA:86,2
DA:87,2
DA:88,2
DA:89,1
DA:90,1
DA:92,1
DA:93,1
DA:94,1
DA:95,1
DA:96,1
DA:98,1
DA:99,2
DA:100,0
DA:101,0
DA:102,0
DA:103,2
DA:105,1
DA:106,1
DA:107,6
DA:109,6
DA:111,5
DA:112,5
DA:113,6
DA:115,4
DA:116,4
DA:118,4
DA:119,6
DA:120,0
DA:121,0
DA:122,0
DA:123,6
DA:125,1
DA:126,1
DA:127,3
DA:128,3
DA:130,3
DA:132,2
DA:133,2
DA:134,2
DA:135,3
DA:137,1
DA:138,1
DA:139,1
DA:140,1
DA:141,1
DA:143,1
DA:144,1
DA:145,1
DA:146,1
DA:147,1
DA:148,3
LF:117
LH:104
BRDA:7,0,0,115
BRDA:12,1,0,114
BRDA:12,2,0,114
BRDA:12,3,0,1
BRDA:16,4,0,114
BRDA:27,5,0,39
BRDA:28,6,0,113
BRDA:41,7,0,1
BRDA:47,8,0,0
BRDA:54,9,0,5
BRDA:59,10,0,1
BRDA:59,11,0,4
BRDA:62,12,0,1
BRDA:62,13,0,3
BRDA:70,14,0,0
BRDA:77,15,0,2
BRDA:81,16,0,0
BRDA:88,17,0,1
BRDA:99,18,0,0
BRDA:106,19,0,6
BRDA:109,20,0,1
BRDA:109,21,0,5
BRDA:113,22,0,1
BRDA:113,23,0,4
BRDA:119,24,0,0
BRDA:126,25,0,3
BRDA:130,26,0,1
BRDA:130,27,0,2
BRDA:134,28,0,1
BRDA:135,29,0,0
BRDA:135,30,0,1
BRF:31
BRH:25
end_of_record
TN:
SF:controllers\emotionController.js
FN:6,listEmotions
FN:19,getEmotionById
FN:33,createEmotion
FN:47,updateEmotion
FN:61,deleteEmotion
FNF:5
FNH:4
FNDA:1,listEmotions
FNDA:0,getEmotionById
FNDA:11,createEmotion
FNDA:1,updateEmotion
FNDA:1,deleteEmotion
DA:1,1
DA:3,1
DA:4,1
DA:5,1
DA:6,1
DA:7,1
DA:8,1
DA:9,1
DA:10,1
DA:11,0
DA:12,0
DA:13,0
DA:14,1
DA:16,1
DA:17,1
DA:18,1
DA:19,1
DA:20,0
DA:21,0
DA:22,0
DA:23,0
DA:24,0
DA:25,0
DA:26,0
DA:27,0
DA:28,0
DA:30,1
DA:31,1
DA:32,1
DA:33,1
DA:34,11
DA:35,11
DA:36,11
DA:37,11
DA:38,11
DA:39,0
DA:40,0
DA:41,0
DA:42,11
DA:44,1
DA:45,1
DA:46,1
DA:47,1
DA:48,1
DA:49,1
DA:50,1
DA:51,1
DA:52,1
DA:53,0
DA:54,0
DA:55,0
DA:56,1
DA:58,1
DA:59,1
DA:60,1
DA:61,1
DA:62,1
DA:63,1
DA:64,1
DA:65,1
DA:66,1
DA:67,0
DA:68,0
DA:69,0
DA:70,1
LF:65
LH:44
BRDA:6,0,0,1
BRDA:10,1,0,0
BRDA:33,2,0,11
BRDA:38,3,0,0
BRDA:47,4,0,1
BRDA:52,5,0,0
BRDA:61,6,0,1
BRDA:64,7,0,0
BRDA:66,8,0,0
BRF:9
BRH:4
end_of_record
TN:
SF:controllers\entryController.js
FN:4,addEntry
FN:23,editEntry
FN:45,removeEntry
FN:68,listMyEntries
FN:81,getEntryById
FN:100,getMyReport
FNF:6
FNH:5
FNDA:7,addEntry
FNDA:1,editEntry
FNDA:1,removeEntry
FNDA:1,listMyEntries
FNDA:0,getEntryById
FNDA:2,getMyReport
DA:1,1
DA:3,1
DA:4,1
DA:5,7
DA:6,7
DA:8,7
DA:9,1
DA:10,1
DA:12,6
DA:13,6
DA:14,6
DA:15,6
DA:16,7
DA:17,0
DA:18,0
DA:19,0
DA:20,7
DA:22,1
DA:23,1
DA:24,1
DA:25,1
DA:26,1
DA:28,1
DA:29,1
DA:31,1
DA:32,0
DA:33,0
DA:35,1
DA:36,1
DA:37,1
DA:38,1
DA:39,0
DA:40,0
DA:41,0
DA:42,1
DA:44,1
DA:45,1
DA:46,1
DA:47,1
DA:49,1
DA:50,1
DA:52,1
DA:53,0
DA:54,0
DA:56,1
DA:57,1
DA:58,1
DA:60,1
DA:61,1
DA:62,0
DA:63,0
DA:64,0
DA:65,1
DA:67,1
DA:68,1
DA:69,1
DA:71,1
DA:72,1
DA:73,1
DA:74,1
DA:75,0
DA:76,0
DA:77,0
DA:78,1
DA:80,1
DA:81,1
DA:82,0
DA:83,0
DA:85,0
DA:86,0
DA:88,0
DA:89,0
DA:90,0
DA:92,0
DA:93,0
DA:94,0
DA:95,0
DA:96,0
DA:97,0
DA:99,1
DA:100,1
DA:101,2
DA:102,2
DA:103,2
DA:104,2
DA:105,2
DA:106,2
DA:107,2
DA:108,2
DA:109,2
DA:110,1
DA:111,1
DA:113,1
DA:114,1
DA:115,1
DA:116,1
DA:117,2
DA:118,0
DA:119,0
DA:120,0
DA:121,2
LF:101
LH:69
BRDA:4,0,0,7
BRDA:8,1,0,6
BRDA:8,2,0,1
BRDA:10,3,0,6
BRDA:16,4,0,0
BRDA:23,5,0,1
BRDA:31,6,0,0
BRDA:38,7,0,0
BRDA:45,8,0,1
BRDA:52,9,0,0
BRDA:58,10,0,0
BRDA:61,11,0,0
BRDA:68,12,0,1
BRDA:74,13,0,0
BRDA:100,14,0,2
BRDA:109,15,0,1
BRDA:117,16,0,0
BRF:17
BRH:9
end_of_record
TN:
SF:controllers\menuController.js
FN:7,listMenus
FN:20,getMenuById
FN:34,createMenu
FN:48,updateMenu
FN:66,deleteMenu
FNF:5
FNH:4
FNDA:1,listMenus
FNDA:0,getMenuById
FNDA:10,createMenu
FNDA:1,updateMenu
FNDA:1,deleteMenu
DA:1,1
DA:2,1
DA:4,1
DA:5,1
DA:6,1
DA:7,1
DA:8,1
DA:9,1
DA:10,1
DA:11,1
DA:12,0
DA:13,0
DA:14,0
DA:15,1
DA:17,1
DA:18,1
DA:19,1
DA:20,1
DA:21,0
DA:22,0
DA:23,0
DA:24,0
DA:25,0
DA:26,0
DA:27,0
DA:28,0
DA:29,0
DA:31,1
DA:32,1
DA:33,1
DA:34,1
DA:35,10
DA:36,10
DA:37,10
DA:38,10
DA:39,10
DA:40,0
DA:41,0
DA:42,0
DA:43,10
DA:45,1
DA:46,1
DA:47,1
DA:48,1
DA:50,1
DA:51,1
DA:53,1
DA:54,1
DA:55,1
DA:56,1
DA:57,0
DA:58,0
DA:59,0
DA:60,1
DA:61,1
DA:63,1
DA:64,1
DA:65,1
DA:66,1
DA:67,1
DA:68,1
DA:69,1
DA:70,1
DA:71,1
DA:72,0
DA:73,0
DA:74,0
DA:75,1
LF:68
LH:47
BRDA:7,0,0,1
BRDA:11,1,0,0
BRDA:34,2,0,10
BRDA:39,3,0,0
BRDA:48,4,0,1
BRDA:56,5,0,0
BRDA:66,6,0,1
BRDA:69,7,0,0
BRDA:71,8,0,0
BRF:9
BRH:4
end_of_record
TN:
SF:controllers\pageController.js
FN:8,listVisiblePages
FN:22,getPageById
FN:36,createPage
FN:50,updatePage
FN:65,deletePage
FN:76,getPagesByMenuId
FNF:6
FNH:3
FNDA:2,listVisiblePages
FNDA:0,getPageById
FNDA:5,createPage
FNDA:0,updatePage
FNDA:0,deletePage
FNDA:2,getPagesByMenuId
DA:1,1
DA:2,1
DA:3,1
DA:5,1
DA:6,1
DA:7,1
DA:8,1
DA:9,2
DA:10,2
DA:11,2
DA:12,2
DA:13,2
DA:14,0
DA:15,0
DA:16,0
DA:17,2
DA:19,1
DA:20,1
DA:21,1
DA:22,1
DA:23,0
DA:24,0
DA:25,0
DA:26,0
DA:27,0
DA:28,0
DA:29,0
DA:30,0
DA:31,0
DA:33,1
DA:34,1
DA:35,1
DA:36,1
DA:37,5
DA:38,5
DA:39,5
DA:40,5
DA:41,5
DA:42,0
DA:43,0
DA:44,0
DA:45,5
DA:47,1
DA:48,1
DA:49,1
DA:50,1
DA:51,0
DA:52,0
DA:53,0
DA:54,0
DA:55,0
DA:56,0
DA:57,0
DA:58,0
DA:59,0
DA:62,1
DA:63,1
DA:64,1
DA:65,1
DA:66,0
DA:67,0
DA:68,0
DA:69,0
DA:70,0
DA:71,0
DA:72,0
DA:73,0
DA:74,0
DA:76,1
DA:77,2
DA:78,2
DA:79,2
DA:81,1
DA:82,1
DA:83,2
DA:84,0
DA:85,0
DA:86,0
DA:87,2
LF:79
LH:43
BRDA:8,0,0,2
BRDA:10,1,0,1
BRDA:10,2,0,1
BRDA:13,3,0,0
BRDA:36,4,0,5
BRDA:41,5,0,0
BRDA:76,6,0,2
BRDA:79,7,0,1
BRDA:83,8,0,0
BRF:9
BRH:6
end_of_record
TN:
SF:controllers\userController.js
FN:11,listUsers
FN:24,getUserById
FN:39,updateProfile
FN:67,updateUser
FN:81,changeUserRole
FN:101,updateUserActiveStatus
FN:121,removeAccount
FN:144,getUserProfile
FNF:8
FNH:8
FNDA:1,listUsers
FNDA:6,getUserById
FNDA:3,updateProfile
FNDA:1,updateUser
FNDA:2,changeUserRole
FNDA:2,updateUserActiveStatus
FNDA:2,removeAccount
FNDA:2,getUserProfile
DA:1,1
DA:2,1
DA:3,1
DA:4,1
DA:7,1
DA:8,1
DA:9,1
DA:10,1
DA:11,1
DA:12,1
DA:13,1
DA:14,1
DA:15,1
DA:16,0
DA:17,0
DA:18,0
DA:19,1
DA:21,1
DA:22,1
DA:23,1
DA:24,1
DA:25,6
DA:26,6
DA:27,6
DA:28,4
DA:29,6
DA:30,0
DA:31,0
DA:32,0
DA:33,6
DA:35,1
DA:36,1
DA:37,1
DA:38,1
DA:39,1
DA:40,3
DA:41,3
DA:43,3
DA:44,1
DA:45,1
DA:47,2
DA:48,2
DA:50,3
DA:51,1
DA:52,1
DA:53,1
DA:55,2
DA:56,2
DA:57,3
DA:58,0
DA:59,0
DA:60,0
DA:61,3
DA:63,1
DA:64,1
DA:65,1
DA:66,1
DA:67,1
DA:68,1
DA:69,1
DA:70,1
DA:71,1
DA:72,1
DA:73,0
DA:74,0
DA:75,0
DA:76,1
DA:78,1
DA:79,1
DA:80,1
DA:81,1
DA:82,2
DA:83,2
DA:85,2
DA:86,1
DA:87,1
DA:89,1
DA:90,1
DA:91,1
DA:92,2
DA:93,0
DA:94,0
DA:95,0
DA:96,2
DA:98,1
DA:99,1
DA:100,1
DA:101,1
DA:102,2
DA:103,2
DA:105,2
DA:106,1
DA:107,1
DA:109,1
DA:110,1
DA:111,1
DA:112,2
DA:113,0
DA:114,0
DA:115,0
DA:116,2
DA:118,1
DA:119,1
DA:120,1
DA:121,1
DA:122,2
DA:123,2
DA:124,2
DA:125,1
DA:126,1
DA:128,1
DA:129,2
DA:130,0
DA:131,0
DA:133,1
DA:134,2
DA:135,0
DA:136,0
DA:137,0
DA:138,2
DA:140,1
DA:141,1
DA:142,1
DA:143,1
DA:144,1
DA:145,2
DA:146,2
DA:147,2
DA:149,2
DA:150,0
DA:151,0
DA:153,2
DA:154,2
DA:156,2
DA:157,2
DA:158,0
DA:159,0
DA:160,0
DA:161,2
LF:139
LH:111
BRDA:11,0,0,1
BRDA:15,1,0,0
BRDA:24,2,0,6
BRDA:27,3,0,2
BRDA:27,4,0,4
BRDA:29,5,0,0
BRDA:39,6,0,3
BRDA:43,7,0,2
BRDA:43,8,0,2
BRDA:43,9,0,1
BRDA:45,10,0,2
BRDA:50,11,0,1
BRDA:50,12,0,1
BRDA:53,13,0,2
BRDA:57,14,0,0
BRDA:67,15,0,1
BRDA:72,16,0,0
BRDA:81,17,0,2
BRDA:85,18,0,1
BRDA:92,19,0,0
BRDA:101,20,0,2
BRDA:105,21,0,1
BRDA:112,22,0,0
BRDA:121,23,0,2
BRDA:124,24,0,1
BRDA:129,25,0,0
BRDA:131,26,0,1
BRDA:134,27,0,0
BRDA:144,28,0,2
BRDA:149,29,0,0
BRDA:157,30,0,0
BRF:31
BRH:21
end_of_record
TN:
SF:database\db.js
FNF:0
FNH:0
DA:2,1
DA:3,1
DA:6,1
DA:7,1
DA:8,0
DA:9,0
DA:10,0
DA:12,1
DA:13,1
DA:14,1
DA:15,1
DA:16,1
DA:17,1
DA:18,1
DA:19,1
DA:20,1
DA:21,1
DA:23,1
LF:18
LH:15
BRDA:6,0,0,0
BRDA:8,1,0,0
BRDA:13,2,0,0
BRDA:14,3,0,0
BRDA:15,4,0,0
BRDA:16,5,0,0
BRDA:17,6,0,0
BRF:7
BRH:0
end_of_record
TN:
SF:database\init.js
FN:1,(empty-report)
FNF:1
FNH:0
FNDA:0,(empty-report)
DA:1,0
DA:2,0
DA:3,0
DA:5,0
DA:6,0
DA:8,0
DA:10,0
DA:11,0
DA:13,0
DA:14,0
DA:16,0
DA:17,0
DA:18,0
DA:19,0
DA:20,0
DA:21,0
DA:22,0
DA:23,0
DA:24,0
DA:25,0
DA:26,0
DA:27,0
DA:28,0
DA:30,0
DA:31,0
DA:32,0
DA:33,0
DA:35,0
DA:36,0
DA:37,0
DA:38,0
DA:39,0
DA:40,0
DA:41,0
DA:42,0
DA:43,0
DA:44,0
DA:45,0
DA:46,0
DA:48,0
DA:49,0
DA:50,0
DA:51,0
DA:52,0
DA:53,0
DA:54,0
DA:55,0
DA:56,0
DA:58,0
DA:59,0
DA:60,0
DA:61,0
DA:62,0
DA:63,0
DA:64,0
DA:65,0
DA:66,0
DA:67,0
DA:68,0
DA:69,0
DA:71,0
DA:72,0
DA:73,0
DA:74,0
DA:75,0
DA:76,0
DA:77,0
DA:78,0
DA:79,0
DA:81,0
DA:82,0
DA:83,0
DA:84,0
DA:85,0
DA:86,0
DA:88,0
DA:89,0
DA:90,0
DA:91,0
DA:92,0
DA:93,0
DA:95,0
DA:96,0
DA:97,0
DA:98,0
DA:99,0
DA:100,0
DA:102,0
DA:103,0
DA:104,0
DA:105,0
DA:106,0
DA:107,0
DA:109,0
DA:110,0
DA:111,0
DA:112,0
DA:113,0
DA:114,0
DA:115,0
DA:117,0
DA:118,0
DA:119,0
DA:120,0
DA:121,0
DA:123,0
DA:124,0
DA:125,0
DA:127,0
DA:128,0
DA:129,0
DA:131,0
DA:132,0
DA:133,0
DA:135,0
DA:136,0
DA:137,0
DA:139,0
DA:140,0
DA:141,0
DA:143,0
DA:144,0
DA:145,0
DA:147,0
DA:148,0
DA:149,0
DA:150,0
DA:152,0
DA:153,0
DA:154,0
DA:155,0
DA:156,0
DA:158,0
DA:159,0
DA:160,0
DA:162,0
DA:163,0
DA:164,0
DA:166,0
DA:167,0
DA:168,0
DA:170,0
DA:171,0
DA:172,0
DA:174,0
DA:175,0
DA:176,0
DA:178,0
DA:179,0
DA:180,0
DA:182,0
DA:183,0
DA:184,0
DA:186,0
DA:187,0
DA:188,0
DA:190,0
DA:191,0
DA:192,0
DA:194,0
DA:195,0
DA:196,0
DA:198,0
DA:199,0
DA:200,0
DA:202,0
DA:203,0
DA:204,0
DA:206,0
DA:207,0
DA:208,0
DA:210,0
DA:211,0
DA:212,0
DA:213,0
DA:215,0
DA:216,0
DA:217,0
DA:219,0
DA:220,0
DA:221,0
DA:222,0
DA:223,0
LF:183
LH:0
BRDA:1,0,0,0
BRF:1
BRH:0
end_of_record
TN:
SF:middlewares\authMiddleware.js
FN:4,authenticateToken
FN:28,requireAdmin
FNF:2
FNH:2
FNDA:80,authenticateToken
FNDA:53,requireAdmin
DA:1,1
DA:2,1
DA:4,1
DA:5,80
DA:6,80
DA:7,6
DA:8,6
DA:10,74
DA:11,74
DA:12,74
DA:13,78
DA:15,80
DA:16,0
DA:17,0
DA:19,73
DA:20,73
DA:21,80
DA:22,1
DA:23,1
DA:24,1
DA:25,80
DA:28,1
DA:29,53
DA:30,9
DA:31,9
DA:32,44
DA:33,44
LF:27
LH:25
BRDA:4,0,0,80
BRDA:6,1,0,74
BRDA:6,2,0,6
BRDA:8,3,0,78
BRDA:8,4,0,74
BRDA:13,5,0,73
BRDA:15,6,0,0
BRDA:17,7,0,73
BRDA:21,8,0,1
BRDA:28,9,0,53
BRDA:29,10,0,9
BRDA:31,11,0,44
BRF:12
BRH:11
end_of_record
TN:
SF:middlewares\validateRegister.js
FN:1,(empty-report)
FNF:1
FNH:0
FNDA:0,(empty-report)
DA:1,0
DA:3,0
DA:4,0
DA:5,0
DA:6,0
DA:7,0
DA:9,0
DA:10,0
DA:11,0
DA:12,0
DA:14,0
DA:15,0
DA:16,0
DA:18,0
DA:19,0
DA:21,0
DA:22,0
DA:23,0
DA:24,0
DA:25,0
DA:26,0
DA:27,0
DA:28,0
DA:29,0
DA:30,0
DA:31,0
LF:26
LH:0
BRDA:1,0,0,0
BRF:1
BRH:0
end_of_record
TN:
SF:models\BaseModel.js
FN:4,BaseModel
FN:9,findAll
FN:14,findById
FN:22,create
FN:35,update
FN:48,delete
FNF:6
FNH:1
FNDA:255,BaseModel
FNDA:0,findAll
FNDA:0,findById
FNDA:0,create
FNDA:0,update
FNDA:0,delete
DA:1,1
DA:3,1
DA:4,1
DA:5,255
DA:6,255
DA:7,255
DA:9,1
DA:10,0
DA:11,0
DA:12,0
DA:14,1
DA:15,0
DA:16,0
DA:17,0
DA:18,0
DA:19,0
DA:20,0
DA:22,1
DA:23,0
DA:24,0
DA:25,0
DA:27,0
DA:28,0
DA:29,0
DA:30,0
DA:32,0
DA:33,0
DA:35,1
DA:36,0
DA:37,0
DA:38,0
DA:40,0
DA:41,0
DA:42,0
DA:43,0
DA:45,0
DA:46,0
DA:48,1
DA:49,0
DA:50,0
DA:51,0
DA:52,0
DA:53,0
DA:54,0
DA:55,1
LF:45
LH:12
BRDA:4,0,0,255
BRDA:5,1,0,0
BRF:2
BRH:1
end_of_record
TN:
SF:models\Emotion.js
FN:4,Emotion
FN:24,get display
FNF:2
FNH:1
FNDA:13,Emotion
FNDA:0,get display
DA:1,1
DA:3,1
DA:4,1
DA:5,13
DA:7,13
DA:8,13
DA:9,13
DA:10,13
DA:11,13
DA:12,13
DA:13,0
DA:14,0
DA:16,13
DA:17,13
DA:18,13
DA:19,13
DA:20,13
DA:21,13
DA:22,13
DA:24,1
DA:25,0
DA:26,0
DA:27,1
LF:23
LH:19
BRDA:4,0,0,13
BRDA:12,1,0,0
BRDA:19,2,0,0
BRDA:20,3,0,0
BRDA:21,4,0,0
BRF:5
BRH:1
end_of_record
TN:
SF:models\Entry.js
FN:4,Entry
FN:26,get formattedDate
FNF:2
FNH:1
FNDA:10,Entry
FNDA:0,get formattedDate
DA:1,1
DA:3,1
DA:4,1
DA:5,10
DA:7,10
DA:8,10
DA:9,10
DA:10,10
DA:11,10
DA:12,10
DA:13,10
DA:14,0
DA:15,0
DA:17,10
DA:18,10
DA:19,10
DA:20,10
DA:21,10
DA:22,10
DA:23,10
DA:24,10
DA:26,1
DA:27,0
DA:28,0
DA:29,1
LF:25
LH:21
BRDA:4,0,0,10
BRDA:13,1,0,0
BRDA:20,2,0,0
BRDA:20,3,0,0
BRDA:22,4,0,0
BRDA:23,5,0,0
BRF:6
BRH:1
end_of_record
TN:
SF:models\Menu.js
FN:4,Menu
FNF:1
FNH:1
FNDA:13,Menu
DA:1,1
DA:3,1
DA:4,1
DA:5,13
DA:7,13
DA:8,13
DA:9,13
DA:10,13
DA:11,13
DA:12,0
DA:13,0
DA:15,13
DA:16,13
DA:17,13
DA:18,13
DA:19,1
LF:16
LH:14
BRDA:4,0,0,13
BRDA:11,1,0,0
BRDA:17,2,0,0
BRF:3
BRH:1
end_of_record
TN:
SF:models\Page.js
FN:4,Page
FN:29,isVisible
FN:33,incrementViews
FN:37,get preview
FNF:4
FNH:1
FNDA:8,Page
FNDA:0,isVisible
FNDA:0,incrementViews
FNDA:0,get preview
DA:1,1
DA:3,1
DA:4,1
DA:5,8
DA:7,8
DA:8,8
DA:9,8
DA:10,8
DA:11,8
DA:12,8
DA:13,8
DA:14,8
DA:15,0
DA:16,0
DA:18,8
DA:19,8
DA:20,8
DA:21,8
DA:22,8
DA:23,8
DA:24,8
DA:25,8
DA:26,8
DA:27,8
DA:29,1
DA:30,0
DA:31,0
DA:33,1
DA:34,0
DA:35,0
DA:37,1
DA:38,0
DA:39,0
DA:40,1
LF:34
LH:26
BRDA:4,0,0,8
BRDA:14,1,0,0
BRDA:21,2,0,0
BRDA:21,3,0,0
BRDA:24,4,0,0
BRDA:25,5,0,0
BRDA:26,6,0,0
BRF:7
BRH:1
end_of_record
TN:
SF:models\User.js
FN:4,User
FN:45,get fullName
FN:49,requireAdmin
FNF:3
FNH:1
FNDA:211,User
FNDA:0,get fullName
FNDA:0,requireAdmin
DA:1,1
DA:3,1
DA:4,1
DA:5,211
DA:7,211
DA:8,211
DA:9,211
DA:10,211
DA:11,211
DA:12,211
DA:13,211
DA:14,211
DA:15,211
DA:16,0
DA:17,0
DA:19,211
DA:20,0
DA:21,0
DA:22,211
DA:23,0
DA:24,0
DA:25,211
DA:26,0
DA:27,0
DA:29,211
DA:30,211
DA:31,0
DA:32,0
DA:34,211
DA:35,211
DA:36,211
DA:37,211
DA:38,211
DA:39,211
DA:40,211
DA:41,211
DA:42,211
DA:43,211
DA:45,1
DA:46,0
DA:47,0
DA:49,1
DA:50,0
DA:51,0
DA:52,1
LF:45
LH:31
BRDA:4,0,0,211
BRDA:15,1,0,0
BRDA:19,2,0,0
BRDA:22,3,0,0
BRDA:25,4,0,0
BRDA:30,5,0,0
BRDA:39,6,0,0
BRDA:40,7,0,0
BRDA:41,8,0,0
BRDA:42,9,0,0
BRF:10
BRH:1
end_of_record
TN:
SF:repositories\EmotionRepository.js
FN:5,findAll
FN:25,findById
FN:36,create
FN:49,update
FN:64,delete
FNF:5
FNH:5
FNDA:1,findAll
FNDA:12,findById
FNDA:11,create
FNDA:1,update
FNDA:1,delete
DA:1,1
DA:2,1
DA:4,1
DA:5,1
DA:6,1
DA:7,1
DA:9,1
DA:10,1
DA:11,1
DA:12,1
DA:13,1
DA:14,0
DA:15,0
DA:16,0
DA:17,1
DA:18,1
DA:19,1
DA:20,0
DA:21,0
DA:22,0
DA:23,1
DA:25,1
DA:26,12
DA:27,12
DA:28,12
DA:29,12
DA:30,12
DA:31,0
DA:32,0
DA:33,0
DA:34,12
DA:36,1
DA:37,11
DA:38,11
DA:39,11
DA:40,11
DA:41,11
DA:42,11
DA:43,11
DA:44,0
DA:45,0
DA:46,0
DA:47,11
DA:49,1
DA:50,1
DA:51,1
DA:52,1
DA:53,1
DA:54,1
DA:55,1
DA:56,1
DA:57,1
DA:58,1
DA:59,0
DA:60,0
DA:61,0
DA:62,1
DA:64,1
DA:65,1
DA:66,1
DA:67,1
DA:68,1
DA:69,0
DA:70,0
DA:71,0
DA:72,1
DA:73,1
DA:75,1
LF:68
LH:50
BRDA:5,0,0,1
BRDA:19,1,0,0
BRDA:10,2,0,1
BRDA:13,3,0,0
BRDA:18,4,0,1
BRDA:25,5,0,12
BRDA:29,6,0,0
BRDA:30,7,0,0
BRDA:36,8,0,11
BRDA:43,9,0,0
BRDA:49,10,0,1
BRDA:58,11,0,0
BRDA:64,12,0,1
BRDA:68,13,0,0
BRF:14
BRH:7
end_of_record
TN:
SF:repositories\EntryRepository.js
FN:5,findById
FN:17,findByUser
FN:49,create
FN:63,update
FN:78,delete
FN:88,getReportByPeriod
FNF:6
FNH:6
FNDA:9,findById
FNDA:1,findByUser
FNDA:6,create
FNDA:1,update
FNDA:1,delete
FNDA:1,getReportByPeriod
DA:1,1
DA:2,1
DA:4,1
DA:5,1
DA:6,9
DA:7,9
DA:8,9
DA:10,9
DA:11,9
DA:12,0
DA:13,0
DA:14,0
DA:15,9
DA:17,1
DA:18,1
DA:19,1
DA:20,1
DA:21,1
DA:22,1
DA:23,1
DA:24,1
DA:25,1
DA:27,1
DA:28,1
DA:29,1
DA:30,1
DA:31,1
DA:32,1
DA:33,1
DA:34,1
DA:35,1
DA:36,1
DA:37,1
DA:38,0
DA:39,0
DA:40,0
DA:41,1
DA:42,1
DA:43,1
DA:44,0
DA:45,0
DA:46,0
DA:47,1
DA:49,1
DA:50,6
DA:51,6
DA:52,6
DA:53,6
DA:54,6
DA:56,6
DA:57,6
DA:58,0
DA:59,0
DA:60,0
DA:61,6
DA:63,1
DA:64,1
DA:65,1
DA:66,1
DA:67,1
DA:68,1
DA:69,1
DA:71,1
DA:72,1
DA:73,0
DA:74,0
DA:75,0
DA:76,1
DA:78,1
DA:79,1
DA:80,1
DA:81,1
DA:82,1
DA:83,0
DA:84,0
DA:85,0
DA:86,1
DA:88,1
DA:89,1
DA:90,1
DA:91,1
DA:92,1
DA:93,1
DA:94,1
DA:95,1
DA:96,1
DA:97,1
DA:98,1
DA:100,1
DA:101,1
DA:102,0
DA:103,0
DA:104,0
DA:105,1
DA:106,1
DA:108,1
LF:96
LH:75
BRDA:5,0,0,9
BRDA:10,1,0,0
BRDA:11,2,0,0
BRDA:17,3,0,1
BRDA:43,4,0,0
BRDA:28,5,0,1
BRDA:37,6,0,0
BRDA:42,7,0,1
BRDA:49,8,0,6
BRDA:57,9,0,0
BRDA:63,10,0,1
BRDA:72,11,0,0
BRDA:78,12,0,1
BRDA:82,13,0,0
BRDA:88,14,0,1
BRDA:101,15,0,0
BRF:16
BRH:8
end_of_record
TN:
SF:repositories\MenuRepository.js
FN:5,findAll
FN:25,findById
FN:37,create
FN:51,update
FN:65,delete
FNF:5
FNH:5
FNDA:1,findAll
FNDA:13,findById
FNDA:10,create
FNDA:1,update
FNDA:1,delete
DA:1,1
DA:2,1
DA:4,1
DA:5,1
DA:6,1
DA:7,1
DA:9,1
DA:10,1
DA:11,1
DA:12,1
DA:13,1
DA:14,0
DA:15,0
DA:16,0
DA:17,1
DA:18,1
DA:19,1
DA:20,0
DA:21,0
DA:22,0
DA:23,1
DA:25,1
DA:26,13
DA:27,13
DA:28,13
DA:30,13
DA:31,13
DA:32,0
DA:33,0
DA:34,0
DA:35,13
DA:37,1
DA:38,10
DA:39,10
DA:40,10
DA:41,10
DA:42,10
DA:44,10
DA:45,10
DA:46,0
DA:47,0
DA:48,0
DA:49,10
DA:51,1
DA:52,1
DA:53,1
DA:54,1
DA:55,1
DA:56,1
DA:58,1
DA:59,1
DA:60,0
DA:61,0
DA:62,0
DA:63,1
DA:65,1
DA:66,1
DA:67,1
DA:68,1
DA:69,1
DA:70,0
DA:71,0
DA:72,0
DA:73,1
DA:74,1
DA:76,1
LF:66
LH:48
BRDA:5,0,0,1
BRDA:19,1,0,0
BRDA:10,2,0,1
BRDA:13,3,0,0
BRDA:18,4,0,1
BRDA:25,5,0,13
BRDA:30,6,0,12
BRDA:30,7,0,1
BRDA:31,8,0,0
BRDA:37,9,0,10
BRDA:45,10,0,0
BRDA:51,11,0,1
BRDA:59,12,0,0
BRDA:65,13,0,1
BRDA:69,14,0,0
BRF:15
BRH:9
end_of_record
TN:
SF:repositories\PageRepository.js
FN:5,findAllVisible
FN:29,findById
FN:40,create
FN:60,update
FN:82,delete
FN:92,findByMenuId
FNF:6
FNH:4
FNDA:2,findAllVisible
FNDA:5,findById
FNDA:5,create
FNDA:0,update
FNDA:0,delete
FNDA:1,findByMenuId
DA:1,1
DA:2,1
DA:4,1
DA:5,1
DA:6,2
DA:7,2
DA:8,2
DA:9,2
DA:11,2
DA:13,2
DA:14,2
DA:15,2
DA:16,2
DA:17,2
DA:18,0
DA:19,0
DA:20,0
DA:21,2
DA:22,2
DA:23,2
DA:24,0
DA:25,0
DA:26,0
DA:27,2
DA:29,1
DA:30,5
DA:31,5
DA:32,5
DA:33,5
DA:34,5
DA:35,0
DA:36,0
DA:37,0
DA:38,5
DA:40,1
DA:41,5
DA:42,5
DA:43,5
DA:44,5
DA:45,5
DA:46,5
DA:47,5
DA:48,5
DA:49,5
DA:50,5
DA:51,5
DA:53,5
DA:54,5
DA:55,0
DA:56,0
DA:57,0
DA:58,5
DA:60,1
DA:61,0
DA:62,0
DA:63,0
DA:64,0
DA:65,0
DA:66,0
DA:67,0
DA:68,0
DA:69,0
DA:70,0
DA:71,0
DA:72,0
DA:73,0
DA:75,0
DA:76,0
DA:77,0
DA:78,0
DA:79,0
DA:80,0
DA:82,1
DA:83,0
DA:84,0
DA:85,0
DA:86,0
DA:87,0
DA:88,0
DA:89,0
DA:90,0
DA:92,1
DA:93,1
DA:94,1
DA:95,1
DA:96,1
DA:97,1
DA:98,1
DA:99,1
DA:100,0
DA:101,0
DA:102,0
DA:103,1
DA:104,1
DA:106,1
LF:95
LH:53
BRDA:5,0,0,2
BRDA:8,1,0,1
BRDA:9,2,0,1
BRDA:11,3,0,1
BRDA:11,4,0,1
BRDA:23,5,0,0
BRDA:14,6,0,2
BRDA:17,7,0,0
BRDA:22,8,0,2
BRDA:29,9,0,5
BRDA:33,10,0,0
BRDA:34,11,0,0
BRDA:40,12,0,5
BRDA:54,13,0,0
BRDA:92,14,0,1
BRDA:99,15,0,0
BRDA:98,16,0,1
BRF:17
BRH:11
end_of_record
TN:
SF:repositories\UserRepository.js
FN:5,findAll
FN:24,findById
FN:35,findByEmail
FN:46,create
FN:65,update
FN:81,delete
FN:91,setActive
FN:103,updateRole
FNF:8
FNH:8
FNDA:1,findAll
FNDA:204,findById
FNDA:10,findByEmail
FNDA:114,create
FNDA:3,update
FNDA:1,delete
FNDA:1,setActive
FNDA:1,updateRole
DA:1,1
DA:2,1
DA:4,1
DA:5,1
DA:6,1
DA:7,1
DA:8,1
DA:9,1
DA:10,2
DA:11,2
DA:12,2
DA:13,0
DA:14,0
DA:15,0
DA:16,1
DA:17,1
DA:18,1
DA:19,0
DA:20,0
DA:21,0
DA:22,1
DA:24,1
DA:25,204
DA:26,204
DA:27,204
DA:28,204
DA:29,204
DA:30,0
DA:31,0
DA:32,0
DA:33,204
DA:35,1
DA:36,10
DA:37,10
DA:38,10
DA:39,10
DA:40,10
DA:41,0
DA:42,0
DA:43,0
DA:44,10
DA:46,1
DA:47,114
DA:48,114
DA:49,114
DA:50,114
DA:51,114
DA:52,114
DA:53,114
DA:54,114
DA:55,114
DA:56,114
DA:57,114
DA:58,113
DA:59,114
DA:60,1
DA:61,1
DA:62,1
DA:63,114
DA:65,1
DA:66,3
DA:67,3
DA:68,3
DA:69,3
DA:70,3
DA:71,3
DA:72,3
DA:73,3
DA:74,3
DA:75,3
DA:76,0
DA:77,0
DA:78,0
DA:79,3
DA:81,1
DA:82,1
DA:83,1
DA:84,1
DA:85,1
DA:86,0
DA:87,0
DA:88,0
DA:89,1
DA:91,1
DA:92,1
DA:93,1
DA:94,1
DA:95,1
DA:96,1
DA:97,1
DA:98,0
DA:99,0
DA:100,0
DA:101,1
DA:103,1
DA:104,1
DA:105,1
DA:106,1
DA:107,1
DA:108,1
DA:109,1
DA:110,0
DA:111,0
DA:112,0
DA:113,1
DA:114,1
DA:116,1
LF:107
LH:83
BRDA:5,0,0,1
BRDA:18,1,0,0
BRDA:9,2,0,2
BRDA:12,3,0,0
BRDA:17,4,0,2
BRDA:24,5,0,204
BRDA:28,6,0,201
BRDA:28,7,0,3
BRDA:29,8,0,0
BRDA:35,9,0,10
BRDA:39,10,0,8
BRDA:39,11,0,2
BRDA:40,12,0,0
BRDA:46,13,0,114
BRDA:57,14,0,113
BRDA:59,15,0,1
BRDA:65,16,0,3
BRDA:75,17,0,0
BRDA:69,18,0,12
BRDA:81,19,0,1
BRDA:85,20,0,0
BRDA:91,21,0,1
BRDA:95,22,0,0
BRDA:97,23,0,0
BRDA:103,24,0,1
BRDA:109,25,0,0
BRF:26
BRH:17
end_of_record
TN:
SF:routes\authRoutes.js
FNF:0
FNH:0
DA:1,1
DA:2,1
DA:3,1
DA:5,1
DA:7,1
DA:8,1
DA:9,1
DA:10,1
DA:11,1
DA:14,1
LF:10
LH:10
BRF:0
BRH:0
end_of_record
TN:
SF:routes\emotionRoutes.js
FNF:0
FNH:0
DA:1,1
DA:2,1
DA:10,1
DA:12,1
DA:14,1
DA:15,1
DA:16,1
DA:17,1
DA:18,1
DA:20,1
LF:10
LH:10
BRF:0
BRH:0
end_of_record
TN:
SF:routes\entryRoutes.js
FNF:0
FNH:0
DA:1,1
DA:2,1
DA:11,1
DA:13,1
DA:15,1
DA:16,1
DA:18,1
DA:19,1
DA:21,1
DA:22,1
DA:24,1
DA:25,1
DA:27,1
DA:28,1
DA:30,1
DA:31,1
DA:33,1
LF:17
LH:17
BRF:0
BRH:0
end_of_record
TN:
SF:routes\menuRoutes.js
FNF:0
FNH:0
DA:1,1
DA:2,1
DA:10,1
DA:12,1
DA:14,1
DA:15,1
DA:16,1
DA:17,1
DA:18,1
DA:20,1
LF:10
LH:10
BRF:0
BRH:0
end_of_record
TN:
SF:routes\pageRoutes.js
FNF:0
FNH:0
DA:1,1
DA:2,1
DA:11,1
DA:13,1
DA:15,1
DA:16,1
DA:17,1
DA:18,1
DA:19,1
DA:20,1
DA:24,1
LF:11
LH:11
BRF:0
BRH:0
end_of_record
TN:
SF:routes\userRoutes.js
FNF:0
FNH:0
DA:1,1
DA:2,1
DA:13,1
DA:15,1
DA:17,1
DA:18,1
DA:19,1
DA:20,1
DA:21,1
DA:23,1
DA:24,1
DA:25,1
DA:27,1
LF:13
LH:13
BRF:0
BRH:0
end_of_record
TN:
SF:utils\jwt.js
FN:12,generateToken
FN:21,verifyToken
FNF:2
FNH:2
FNDA:120,generateToken
FNDA:76,verifyToken
DA:1,1
DA:3,1
DA:4,1
DA:6,1
DA:7,1
DA:8,1
DA:9,1
DA:10,1
DA:11,1
DA:12,1
DA:13,120
DA:14,120
DA:16,1
DA:17,1
DA:18,1
DA:19,1
DA:20,1
DA:21,1
DA:22,76
DA:23,76
DA:24,76
DA:25,2
DA:26,2
DA:27,2
DA:28,76
LF:25
LH:25
BRDA:12,0,0,120
BRDA:21,1,0,76
BRDA:24,2,0,2
BRF:3
BRH:3
end_of_record
TN:
SF:utils\sanitize.js
FN:3,sanitizePagePayload
FN:13,sanitizeUserPayload
FN:23,sanitizeMenuPayload
FN:29,sanitizeEmotionPayload
FNF:4
FNH:3
FNDA:5,sanitizePagePayload
FNDA:1,sanitizeUserPayload
FNDA:10,sanitizeMenuPayload
FNDA:0,sanitizeEmotionPayload
DA:1,1
DA:3,1
DA:4,5
DA:5,5
DA:6,5
DA:7,5
DA:8,5
DA:9,5
DA:10,5
DA:11,5
DA:13,1
DA:14,1
DA:15,1
DA:16,1
DA:17,1
DA:18,1
DA:19,1
DA:20,1
DA:21,1
DA:23,1
DA:24,10
DA:25,10
DA:26,10
DA:27,10
DA:29,1
DA:30,0
DA:31,0
DA:32,0
DA:33,0
DA:34,0
DA:35,0
LF:31
LH:25
BRDA:3,0,0,5
BRDA:5,1,0,0
BRDA:6,2,0,0
BRDA:7,3,0,0
BRDA:8,4,0,4
BRDA:8,5,0,1
BRDA:9,6,0,0
BRDA:13,7,0,1
BRDA:15,8,0,0
BRDA:16,9,0,0
BRDA:17,10,0,0
BRDA:18,11,0,0
BRDA:19,12,0,0
BRDA:23,13,0,10
BRDA:25,14,0,0
BRF:15
BRH:5
end_of_record
